{"C:\\Users\\marcelo.farias\\Documents\\Projetos\\cavaleiros-das-trevas\\src\\GamePath\\ScreenRouter.tsx": {"path":"C:\\Users\\marcelo.farias\\Documents\\Projetos\\cavaleiros-das-trevas\\src\\GamePath\\ScreenRouter.tsx","statementMap":{"0":{"start":{"line":24,"column":50},"end":{"line":133,"column":1}},"1":{"start":{"line":25,"column":17},"end":{"line":25,"column":44}},"2":{"start":{"line":26,"column":19},"end":{"line":26,"column":32}},"3":{"start":{"line":27,"column":19},"end":{"line":27,"column":29}},"4":{"start":{"line":32,"column":2},"end":{"line":36,"column":3}},"5":{"start":{"line":33,"column":4},"end":{"line":33,"column":91}},"6":{"start":{"line":34,"column":4},"end":{"line":34,"column":37}},"7":{"start":{"line":35,"column":4},"end":{"line":35,"column":16}},"8":{"start":{"line":38,"column":21},"end":{"line":41,"column":3}},"9":{"start":{"line":39,"column":4},"end":{"line":39,"column":80}},"10":{"start":{"line":39,"column":10},"end":{"line":39,"column":69}},"11":{"start":{"line":40,"column":4},"end":{"line":40,"column":51}},"12":{"start":{"line":43,"column":2},"end":{"line":51,"column":3}},"13":{"start":{"line":44,"column":4},"end":{"line":50,"column":6}},"14":{"start":{"line":53,"column":2},"end":{"line":61,"column":3}},"15":{"start":{"line":54,"column":4},"end":{"line":60,"column":6}},"16":{"start":{"line":63,"column":2},"end":{"line":67,"column":3}},"17":{"start":{"line":64,"column":4},"end":{"line":66,"column":6}},"18":{"start":{"line":69,"column":2},"end":{"line":73,"column":3}},"19":{"start":{"line":70,"column":4},"end":{"line":72,"column":6}},"20":{"start":{"line":75,"column":2},"end":{"line":79,"column":3}},"21":{"start":{"line":76,"column":4},"end":{"line":78,"column":6}},"22":{"start":{"line":81,"column":2},"end":{"line":85,"column":3}},"23":{"start":{"line":82,"column":4},"end":{"line":84,"column":6}},"24":{"start":{"line":87,"column":2},"end":{"line":91,"column":3}},"25":{"start":{"line":88,"column":4},"end":{"line":90,"column":6}},"26":{"start":{"line":93,"column":2},"end":{"line":97,"column":3}},"27":{"start":{"line":94,"column":4},"end":{"line":96,"column":6}},"28":{"start":{"line":99,"column":2},"end":{"line":103,"column":3}},"29":{"start":{"line":100,"column":4},"end":{"line":102,"column":6}},"30":{"start":{"line":105,"column":2},"end":{"line":109,"column":3}},"31":{"start":{"line":106,"column":4},"end":{"line":108,"column":6}},"32":{"start":{"line":111,"column":2},"end":{"line":119,"column":3}},"33":{"start":{"line":112,"column":4},"end":{"line":118,"column":6}},"34":{"start":{"line":121,"column":2},"end":{"line":125,"column":3}},"35":{"start":{"line":122,"column":4},"end":{"line":124,"column":6}},"36":{"start":{"line":127,"column":2},"end":{"line":132,"column":4}},"37":{"start":{"line":130,"column":29},"end":{"line":130,"column":42}}},"fnMap":{"0":{"name":"(anonymous_0)","decl":{"start":{"line":24,"column":50},"end":{"line":24,"column":51}},"loc":{"start":{"line":24,"column":108},"end":{"line":133,"column":1}}},"1":{"name":"(anonymous_1)","decl":{"start":{"line":38,"column":21},"end":{"line":38,"column":22}},"loc":{"start":{"line":38,"column":40},"end":{"line":41,"column":3}}},"2":{"name":"(anonymous_2)","decl":{"start":{"line":130,"column":23},"end":{"line":130,"column":26}},"loc":{"start":{"line":130,"column":29},"end":{"line":130,"column":42}}}},"branchMap":{"0":{"loc":{"start":{"line":32,"column":2},"end":{"line":36,"column":3}},"type":"if","locations":[{"start":{"line":32,"column":2},"end":{"line":36,"column":3}},{"start":{},"end":{}}]},"1":{"loc":{"start":{"line":32,"column":6},"end":{"line":32,"column":59}},"type":"binary-expr","locations":[{"start":{"line":32,"column":6},"end":{"line":32,"column":12}},{"start":{"line":32,"column":16},"end":{"line":32,"column":28}},{"start":{"line":32,"column":32},"end":{"line":32,"column":59}}]},"2":{"loc":{"start":{"line":43,"column":2},"end":{"line":51,"column":3}},"type":"if","locations":[{"start":{"line":43,"column":2},"end":{"line":51,"column":3}},{"start":{},"end":{}}]},"3":{"loc":{"start":{"line":53,"column":2},"end":{"line":61,"column":3}},"type":"if","locations":[{"start":{"line":53,"column":2},"end":{"line":61,"column":3}},{"start":{},"end":{}}]},"4":{"loc":{"start":{"line":63,"column":2},"end":{"line":67,"column":3}},"type":"if","locations":[{"start":{"line":63,"column":2},"end":{"line":67,"column":3}},{"start":{},"end":{}}]},"5":{"loc":{"start":{"line":69,"column":2},"end":{"line":73,"column":3}},"type":"if","locations":[{"start":{"line":69,"column":2},"end":{"line":73,"column":3}},{"start":{},"end":{}}]},"6":{"loc":{"start":{"line":75,"column":2},"end":{"line":79,"column":3}},"type":"if","locations":[{"start":{"line":75,"column":2},"end":{"line":79,"column":3}},{"start":{},"end":{}}]},"7":{"loc":{"start":{"line":81,"column":2},"end":{"line":85,"column":3}},"type":"if","locations":[{"start":{"line":81,"column":2},"end":{"line":85,"column":3}},{"start":{},"end":{}}]},"8":{"loc":{"start":{"line":87,"column":2},"end":{"line":91,"column":3}},"type":"if","locations":[{"start":{"line":87,"column":2},"end":{"line":91,"column":3}},{"start":{},"end":{}}]},"9":{"loc":{"start":{"line":93,"column":2},"end":{"line":97,"column":3}},"type":"if","locations":[{"start":{"line":93,"column":2},"end":{"line":97,"column":3}},{"start":{},"end":{}}]},"10":{"loc":{"start":{"line":99,"column":2},"end":{"line":103,"column":3}},"type":"if","locations":[{"start":{"line":99,"column":2},"end":{"line":103,"column":3}},{"start":{},"end":{}}]},"11":{"loc":{"start":{"line":105,"column":2},"end":{"line":109,"column":3}},"type":"if","locations":[{"start":{"line":105,"column":2},"end":{"line":109,"column":3}},{"start":{},"end":{}}]},"12":{"loc":{"start":{"line":111,"column":2},"end":{"line":119,"column":3}},"type":"if","locations":[{"start":{"line":111,"column":2},"end":{"line":119,"column":3}},{"start":{},"end":{}}]},"13":{"loc":{"start":{"line":121,"column":2},"end":{"line":125,"column":3}},"type":"if","locations":[{"start":{"line":121,"column":2},"end":{"line":125,"column":3}},{"start":{},"end":{}}]}},"s":{"0":0,"1":0,"2":0,"3":0,"4":0,"5":0,"6":0,"7":0,"8":0,"9":0,"10":0,"11":0,"12":0,"13":0,"14":0,"15":0,"16":0,"17":0,"18":0,"19":0,"20":0,"21":0,"22":0,"23":0,"24":0,"25":0,"26":0,"27":0,"28":0,"29":0,"30":0,"31":0,"32":0,"33":0,"34":0,"35":0,"36":0,"37":0},"f":{"0":0,"1":0,"2":0},"b":{"0":[0,0],"1":[0,0,0],"2":[0,0],"3":[0,0],"4":[0,0],"5":[0,0],"6":[0,0],"7":[0,0],"8":[0,0],"9":[0,0],"10":[0,0],"11":[0,0],"12":[0,0],"13":[0,0]}}
,"C:\\Users\\marcelo.farias\\Documents\\Projetos\\cavaleiros-das-trevas\\src\\components\\AudioControls.tsx": {"path":"C:\\Users\\marcelo.farias\\Documents\\Projetos\\cavaleiros-das-trevas\\src\\components\\AudioControls.tsx","statementMap":{"0":{"start":{"line":13,"column":32},"end":{"line":126,"column":1}},"1":{"start":{"line":22,"column":6},"end":{"line":22,"column":16}},"2":{"start":{"line":25,"column":29},"end":{"line":28,"column":3}},"3":{"start":{"line":26,"column":22},"end":{"line":26,"column":52}},"4":{"start":{"line":27,"column":4},"end":{"line":27,"column":25}},"5":{"start":{"line":30,"column":2},"end":{"line":125,"column":4}},"6":{"start":{"line":116,"column":25},"end":{"line":116,"column":53}},"7":{"start":{"line":117,"column":10},"end":{"line":117,"column":58}},"8":{"start":{"line":120,"column":25},"end":{"line":120,"column":53}},"9":{"start":{"line":121,"column":10},"end":{"line":121,"column":60}}},"fnMap":{"0":{"name":"(anonymous_0)","decl":{"start":{"line":13,"column":32},"end":{"line":13,"column":35}},"loc":{"start":{"line":13,"column":37},"end":{"line":126,"column":1}}},"1":{"name":"(anonymous_1)","decl":{"start":{"line":25,"column":29},"end":{"line":25,"column":30}},"loc":{"start":{"line":25,"column":76},"end":{"line":28,"column":3}}},"2":{"name":"(anonymous_2)","decl":{"start":{"line":115,"column":21},"end":{"line":115,"column":22}},"loc":{"start":{"line":115,"column":27},"end":{"line":118,"column":9}}},"3":{"name":"(anonymous_3)","decl":{"start":{"line":119,"column":19},"end":{"line":119,"column":20}},"loc":{"start":{"line":119,"column":25},"end":{"line":122,"column":9}}}},"branchMap":{"0":{"loc":{"start":{"line":48,"column":22},"end":{"line":48,"column":66}},"type":"cond-expr","locations":[{"start":{"line":48,"column":34},"end":{"line":48,"column":49}},{"start":{"line":48,"column":52},"end":{"line":48,"column":66}}]},"1":{"loc":{"start":{"line":52,"column":19},"end":{"line":52,"column":52}},"type":"cond-expr","locations":[{"start":{"line":52,"column":31},"end":{"line":52,"column":40}},{"start":{"line":52,"column":43},"end":{"line":52,"column":52}}]},"2":{"loc":{"start":{"line":58,"column":11},"end":{"line":58,"column":56}},"type":"cond-expr","locations":[{"start":{"line":58,"column":23},"end":{"line":58,"column":36}},{"start":{"line":58,"column":39},"end":{"line":58,"column":56}}]},"3":{"loc":{"start":{"line":63,"column":7},"end":{"line":79,"column":null}},"type":"binary-expr","locations":[{"start":{"line":63,"column":7},"end":{"line":63,"column":22}},{"start":{"line":64,"column":8},"end":{"line":76,"column":null}}]},"4":{"loc":{"start":{"line":83,"column":22},"end":{"line":83,"column":53}},"type":"cond-expr","locations":[{"start":{"line":83,"column":32},"end":{"line":83,"column":42}},{"start":{"line":83,"column":45},"end":{"line":83,"column":53}}]},"5":{"loc":{"start":{"line":87,"column":19},"end":{"line":87,"column":50}},"type":"cond-expr","locations":[{"start":{"line":87,"column":29},"end":{"line":87,"column":38}},{"start":{"line":87,"column":41},"end":{"line":87,"column":50}}]},"6":{"loc":{"start":{"line":94,"column":11},"end":{"line":94,"column":57}},"type":"cond-expr","locations":[{"start":{"line":94,"column":21},"end":{"line":94,"column":38}},{"start":{"line":94,"column":41},"end":{"line":94,"column":57}}]},"7":{"loc":{"start":{"line":104,"column":15},"end":{"line":104,"column":35}},"type":"cond-expr","locations":[{"start":{"line":104,"column":25},"end":{"line":104,"column":26}},{"start":{"line":104,"column":29},"end":{"line":104,"column":35}}]}},"s":{"0":0,"1":0,"2":0,"3":0,"4":0,"5":0,"6":0,"7":0,"8":0,"9":0},"f":{"0":0,"1":0,"2":0,"3":0},"b":{"0":[0,0],"1":[0,0],"2":[0,0],"3":[0,0],"4":[0,0],"5":[0,0],"6":[0,0],"7":[0,0]}}
,"C:\\Users\\marcelo.farias\\Documents\\Projetos\\cavaleiros-das-trevas\\src\\components\\InventoryModal.tsx": {"path":"C:\\Users\\marcelo.farias\\Documents\\Projetos\\cavaleiros-das-trevas\\src\\components\\InventoryModal.tsx","statementMap":{"0":{"start":{"line":21,"column":21},"end":{"line":33,"column":3}},"1":{"start":{"line":21,"column":43},"end":{"line":33,"column":2}},"2":{"start":{"line":35,"column":26},"end":{"line":49,"column":2}},"3":{"start":{"line":51,"column":19},"end":{"line":72,"column":2}},"4":{"start":{"line":74,"column":20},"end":{"line":85,"column":2}},"5":{"start":{"line":87,"column":17},"end":{"line":99,"column":2}},"6":{"start":{"line":101,"column":20},"end":{"line":109,"column":2}},"7":{"start":{"line":111,"column":17},"end":{"line":114,"column":2}},"8":{"start":{"line":118,"column":21},"end":{"line":126,"column":2}},"9":{"start":{"line":128,"column":21},"end":{"line":140,"column":2}},"10":{"start":{"line":151,"column":2},"end":{"line":164,"column":4}},"11":{"start":{"line":174,"column":54},"end":{"line":499,"column":1}},"12":{"start":{"line":175,"column":34},"end":{"line":175,"column":45}},"13":{"start":{"line":177,"column":26},"end":{"line":179,"column":3}},"14":{"start":{"line":178,"column":4},"end":{"line":178,"column":26}},"15":{"start":{"line":182,"column":27},"end":{"line":191,"column":3}},"16":{"start":{"line":183,"column":4},"end":{"line":186,"column":5}},"17":{"start":{"line":184,"column":6},"end":{"line":184,"column":81}},"18":{"start":{"line":185,"column":6},"end":{"line":185,"column":13}},"19":{"start":{"line":188,"column":21},"end":{"line":188,"column":76}},"20":{"start":{"line":188,"column":48},"end":{"line":188,"column":75}},"21":{"start":{"line":189,"column":21},"end":{"line":189,"column":50}},"22":{"start":{"line":190,"column":4},"end":{"line":190,"column":28}},"23":{"start":{"line":194,"column":24},"end":{"line":202,"column":3}},"24":{"start":{"line":195,"column":4},"end":{"line":201,"column":6}},"25":{"start":{"line":196,"column":34},"end":{"line":196,"column":54}},"26":{"start":{"line":197,"column":38},"end":{"line":197,"column":62}},"27":{"start":{"line":198,"column":41},"end":{"line":198,"column":68}},"28":{"start":{"line":199,"column":38},"end":{"line":199,"column":62}},"29":{"start":{"line":200,"column":33},"end":{"line":200,"column":53}},"30":{"start":{"line":204,"column":27},"end":{"line":204,"column":53}},"31":{"start":{"line":207,"column":20},"end":{"line":209,"column":7}},"32":{"start":{"line":208,"column":4},"end":{"line":208,"column":42}},"33":{"start":{"line":211,"column":26},"end":{"line":345,"column":3}},"34":{"start":{"line":212,"column":4},"end":{"line":223,"column":5}},"35":{"start":{"line":213,"column":6},"end":{"line":222,"column":8}},"36":{"start":{"line":225,"column":4},"end":{"line":344,"column":7}},"37":{"start":{"line":226,"column":6},"end":{"line":226,"column":null}},"38":{"start":{"line":290,"column":22},"end":{"line":290,"column":51}},"39":{"start":{"line":290,"column":39},"end":{"line":290,"column":51}},"40":{"start":{"line":291,"column":40},"end":{"line":294,"column":73}},"41":{"start":{"line":295,"column":22},"end":{"line":307,"column":24}},"42":{"start":{"line":335,"column":29},"end":{"line":335,"column":51}},"43":{"start":{"line":347,"column":2},"end":{"line":498,"column":4}},"44":{"start":{"line":373,"column":27},"end":{"line":373,"column":83}},"45":{"start":{"line":374,"column":35},"end":{"line":374,"column":67}},"46":{"start":{"line":375,"column":34},"end":{"line":375,"column":113}},"47":{"start":{"line":376,"column":14},"end":{"line":433,"column":16}}},"fnMap":{"0":{"name":"(anonymous_0)","decl":{"start":{"line":21,"column":36},"end":{"line":21,"column":39}},"loc":{"start":{"line":21,"column":43},"end":{"line":33,"column":2}}},"1":{"name":"TabPanel","decl":{"start":{"line":150,"column":9},"end":{"line":150,"column":17}},"loc":{"start":{"line":150,"column":59},"end":{"line":165,"column":1}}},"2":{"name":"(anonymous_2)","decl":{"start":{"line":174,"column":54},"end":{"line":174,"column":55}},"loc":{"start":{"line":174,"column":98},"end":{"line":499,"column":1}}},"3":{"name":"(anonymous_3)","decl":{"start":{"line":177,"column":26},"end":{"line":177,"column":27}},"loc":{"start":{"line":177,"column":77},"end":{"line":179,"column":3}}},"4":{"name":"(anonymous_4)","decl":{"start":{"line":182,"column":27},"end":{"line":182,"column":28}},"loc":{"start":{"line":182,"column":50},"end":{"line":191,"column":3}}},"5":{"name":"(anonymous_5)","decl":{"start":{"line":188,"column":40},"end":{"line":188,"column":44}},"loc":{"start":{"line":188,"column":48},"end":{"line":188,"column":75}}},"6":{"name":"(anonymous_6)","decl":{"start":{"line":194,"column":24},"end":{"line":194,"column":25}},"loc":{"start":{"line":194,"column":42},"end":{"line":202,"column":3}}},"7":{"name":"(anonymous_7)","decl":{"start":{"line":196,"column":26},"end":{"line":196,"column":30}},"loc":{"start":{"line":196,"column":34},"end":{"line":196,"column":54}}},"8":{"name":"(anonymous_8)","decl":{"start":{"line":197,"column":30},"end":{"line":197,"column":34}},"loc":{"start":{"line":197,"column":38},"end":{"line":197,"column":62}}},"9":{"name":"(anonymous_9)","decl":{"start":{"line":198,"column":33},"end":{"line":198,"column":37}},"loc":{"start":{"line":198,"column":41},"end":{"line":198,"column":68}}},"10":{"name":"(anonymous_10)","decl":{"start":{"line":199,"column":30},"end":{"line":199,"column":34}},"loc":{"start":{"line":199,"column":38},"end":{"line":199,"column":62}}},"11":{"name":"(anonymous_11)","decl":{"start":{"line":200,"column":25},"end":{"line":200,"column":29}},"loc":{"start":{"line":200,"column":33},"end":{"line":200,"column":53}}},"12":{"name":"(anonymous_12)","decl":{"start":{"line":207,"column":49},"end":{"line":207,"column":50}},"loc":{"start":{"line":207,"column":65},"end":{"line":209,"column":3}}},"13":{"name":"(anonymous_13)","decl":{"start":{"line":211,"column":26},"end":{"line":211,"column":27}},"loc":{"start":{"line":211,"column":66},"end":{"line":345,"column":3}}},"14":{"name":"(anonymous_14)","decl":{"start":{"line":225,"column":21},"end":{"line":225,"column":22}},"loc":{"start":{"line":226,"column":6},"end":{"line":226,"column":null}}},"15":{"name":"(anonymous_15)","decl":{"start":{"line":289,"column":65},"end":{"line":289,"column":66}},"loc":{"start":{"line":289,"column":83},"end":{"line":308,"column":21}}},"16":{"name":"(anonymous_16)","decl":{"start":{"line":335,"column":23},"end":{"line":335,"column":26}},"loc":{"start":{"line":335,"column":29},"end":{"line":335,"column":51}}},"17":{"name":"(anonymous_17)","decl":{"start":{"line":372,"column":124},"end":{"line":372,"column":125}},"loc":{"start":{"line":372,"column":143},"end":{"line":434,"column":13}}}},"branchMap":{"0":{"loc":{"start":{"line":158,"column":7},"end":{"line":161,"column":null}},"type":"binary-expr","locations":[{"start":{"line":158,"column":7},"end":{"line":158,"column":22}},{"start":{"line":159,"column":8},"end":{"line":160,"column":null}}]},"1":{"loc":{"start":{"line":183,"column":4},"end":{"line":186,"column":5}},"type":"if","locations":[{"start":{"line":183,"column":4},"end":{"line":186,"column":5}},{"start":{},"end":{}}]},"2":{"loc":{"start":{"line":208,"column":20},"end":{"line":208,"column":40}},"type":"binary-expr","locations":[{"start":{"line":208,"column":20},"end":{"line":208,"column":35}},{"start":{"line":208,"column":39},"end":{"line":208,"column":40}}]},"3":{"loc":{"start":{"line":212,"column":4},"end":{"line":223,"column":5}},"type":"if","locations":[{"start":{"line":212,"column":4},"end":{"line":223,"column":5}},{"start":{},"end":{}}]},"4":{"loc":{"start":{"line":240,"column":13},"end":{"line":250,"column":null}},"type":"binary-expr","locations":[{"start":{"line":240,"column":13},"end":{"line":240,"column":29}},{"start":{"line":241,"column":14},"end":{"line":249,"column":null}}]},"5":{"loc":{"start":{"line":252,"column":13},"end":{"line":263,"column":null}},"type":"binary-expr","locations":[{"start":{"line":252,"column":13},"end":{"line":252,"column":27}},{"start":{"line":253,"column":14},"end":{"line":262,"column":null}}]},"6":{"loc":{"start":{"line":267,"column":13},"end":{"line":327,"column":null}},"type":"binary-expr","locations":[{"start":{"line":267,"column":13},"end":{"line":267,"column":25}},{"start":{"line":268,"column":14},"end":{"line":326,"column":null}}]},"7":{"loc":{"start":{"line":270,"column":17},"end":{"line":283,"column":null}},"type":"binary-expr","locations":[{"start":{"line":270,"column":17},"end":{"line":270,"column":36}},{"start":{"line":271,"column":18},"end":{"line":282,"column":null}}]},"8":{"loc":{"start":{"line":280,"column":68},"end":{"line":280,"column":130}},"type":"cond-expr","locations":[{"start":{"line":280,"column":113},"end":{"line":280,"column":120}},{"start":{"line":280,"column":123},"end":{"line":280,"column":130}}]},"9":{"loc":{"start":{"line":281,"column":23},"end":{"line":281,"column":105}},"type":"binary-expr","locations":[{"start":{"line":281,"column":23},"end":{"line":281,"column":58}},{"start":{"line":281,"column":62},"end":{"line":281,"column":105}}]},"10":{"loc":{"start":{"line":287,"column":17},"end":{"line":309,"column":null}},"type":"binary-expr","locations":[{"start":{"line":287,"column":17},"end":{"line":287,"column":40}},{"start":{"line":288,"column":18},"end":{"line":308,"column":null}}]},"11":{"loc":{"start":{"line":290,"column":22},"end":{"line":290,"column":51}},"type":"if","locations":[{"start":{"line":290,"column":22},"end":{"line":290,"column":51}},{"start":{},"end":{}}]},"12":{"loc":{"start":{"line":291,"column":40},"end":{"line":294,"column":73}},"type":"cond-expr","locations":[{"start":{"line":291,"column":61},"end":{"line":291,"column":70}},{"start":{"line":292,"column":38},"end":{"line":294,"column":73}}]},"13":{"loc":{"start":{"line":292,"column":38},"end":{"line":294,"column":73}},"type":"cond-expr","locations":[{"start":{"line":292,"column":57},"end":{"line":292,"column":64}},{"start":{"line":293,"column":38},"end":{"line":294,"column":73}}]},"14":{"loc":{"start":{"line":293,"column":38},"end":{"line":294,"column":73}},"type":"cond-expr","locations":[{"start":{"line":293,"column":57},"end":{"line":293,"column":64}},{"start":{"line":294,"column":38},"end":{"line":294,"column":73}}]},"15":{"loc":{"start":{"line":294,"column":38},"end":{"line":294,"column":73}},"type":"cond-expr","locations":[{"start":{"line":294,"column":58},"end":{"line":294,"column":66}},{"start":{"line":294,"column":69},"end":{"line":294,"column":73}}]},"16":{"loc":{"start":{"line":300,"column":35},"end":{"line":300,"column":68}},"type":"cond-expr","locations":[{"start":{"line":300,"column":47},"end":{"line":300,"column":56}},{"start":{"line":300,"column":59},"end":{"line":300,"column":68}}]},"17":{"loc":{"start":{"line":305,"column":40},"end":{"line":305,"column":60}},"type":"cond-expr","locations":[{"start":{"line":305,"column":52},"end":{"line":305,"column":55}},{"start":{"line":305,"column":58},"end":{"line":305,"column":60}}]},"18":{"loc":{"start":{"line":313,"column":17},"end":{"line":325,"column":null}},"type":"binary-expr","locations":[{"start":{"line":313,"column":17},"end":{"line":313,"column":40}},{"start":{"line":314,"column":18},"end":{"line":324,"column":null}}]},"19":{"loc":{"start":{"line":323,"column":37},"end":{"line":323,"column":86}},"type":"binary-expr","locations":[{"start":{"line":323,"column":37},"end":{"line":323,"column":59}},{"start":{"line":323,"column":63},"end":{"line":323,"column":86}}]},"20":{"loc":{"start":{"line":333,"column":11},"end":{"line":340,"column":null}},"type":"binary-expr","locations":[{"start":{"line":333,"column":11},"end":{"line":333,"column":24}},{"start":{"line":334,"column":12},"end":{"line":339,"column":null}}]},"21":{"loc":{"start":{"line":375,"column":34},"end":{"line":375,"column":113}},"type":"binary-expr","locations":[{"start":{"line":375,"column":34},"end":{"line":375,"column":108}},{"start":{"line":375,"column":112},"end":{"line":375,"column":113}}]},"22":{"loc":{"start":{"line":413,"column":27},"end":{"line":426,"column":null}},"type":"binary-expr","locations":[{"start":{"line":413,"column":27},"end":{"line":413,"column":44}},{"start":{"line":414,"column":28},"end":{"line":425,"column":null}}]},"23":{"loc":{"start":{"line":415,"column":40},"end":{"line":415,"column":66}},"type":"cond-expr","locations":[{"start":{"line":415,"column":58},"end":{"line":415,"column":61}},{"start":{"line":415,"column":64},"end":{"line":415,"column":66}}]},"24":{"loc":{"start":{"line":420,"column":49},"end":{"line":420,"column":88}},"type":"cond-expr","locations":[{"start":{"line":420,"column":67},"end":{"line":420,"column":76}},{"start":{"line":420,"column":79},"end":{"line":420,"column":88}}]}},"s":{"0":0,"1":0,"2":0,"3":0,"4":0,"5":0,"6":0,"7":0,"8":0,"9":0,"10":0,"11":0,"12":0,"13":0,"14":0,"15":0,"16":0,"17":0,"18":0,"19":0,"20":0,"21":0,"22":0,"23":0,"24":0,"25":0,"26":0,"27":0,"28":0,"29":0,"30":0,"31":0,"32":0,"33":0,"34":0,"35":0,"36":0,"37":0,"38":0,"39":0,"40":0,"41":0,"42":0,"43":0,"44":0,"45":0,"46":0,"47":0},"f":{"0":0,"1":0,"2":0,"3":0,"4":0,"5":0,"6":0,"7":0,"8":0,"9":0,"10":0,"11":0,"12":0,"13":0,"14":0,"15":0,"16":0,"17":0},"b":{"0":[0,0],"1":[0,0],"2":[0,0],"3":[0,0],"4":[0,0],"5":[0,0],"6":[0,0],"7":[0,0],"8":[0,0],"9":[0,0],"10":[0,0],"11":[0,0],"12":[0,0],"13":[0,0],"14":[0,0],"15":[0,0],"16":[0,0],"17":[0,0],"18":[0,0],"19":[0,0],"20":[0,0],"21":[0,0],"22":[0,0],"23":[0,0],"24":[0,0]}}
,"C:\\Users\\marcelo.farias\\Documents\\Projetos\\cavaleiros-das-trevas\\src\\components\\PreparationScreen.tsx": {"path":"C:\\Users\\marcelo.farias\\Documents\\Projetos\\cavaleiros-das-trevas\\src\\components\\PreparationScreen.tsx","statementMap":{"0":{"start":{"line":7,"column":15},"end":{"line":16,"column":2}},"1":{"start":{"line":19,"column":22},"end":{"line":34,"column":2}},"2":{"start":{"line":36,"column":17},"end":{"line":51,"column":2}},"3":{"start":{"line":53,"column":18},"end":{"line":63,"column":2}},"4":{"start":{"line":65,"column":22},"end":{"line":77,"column":2}},"5":{"start":{"line":79,"column":22},"end":{"line":84,"column":2}},"6":{"start":{"line":86,"column":17},"end":{"line":96,"column":2}},"7":{"start":{"line":98,"column":18},"end":{"line":104,"column":2}},"8":{"start":{"line":106,"column":18},"end":{"line":125,"column":2}},"9":{"start":{"line":127,"column":21},"end":{"line":144,"column":2}},"10":{"start":{"line":146,"column":19},"end":{"line":162,"column":2}},"11":{"start":{"line":172,"column":35},"end":{"line":201,"column":2}},"12":{"start":{"line":210,"column":60},"end":{"line":329,"column":1}},"13":{"start":{"line":216,"column":46},"end":{"line":216,"column":68}},"14":{"start":{"line":218,"column":22},"end":{"line":220,"column":63}},"15":{"start":{"line":219,"column":20},"end":{"line":219,"column":40}},"16":{"start":{"line":220,"column":29},"end":{"line":220,"column":59}},"17":{"start":{"line":222,"column":25},"end":{"line":227,"column":3}},"18":{"start":{"line":223,"column":4},"end":{"line":226,"column":5}},"19":{"start":{"line":224,"column":6},"end":{"line":224,"column":52}},"20":{"start":{"line":224,"column":32},"end":{"line":224,"column":50}},"21":{"start":{"line":225,"column":6},"end":{"line":225,"column":23}},"22":{"start":{"line":229,"column":20},"end":{"line":229,"column":59}},"23":{"start":{"line":229,"column":39},"end":{"line":229,"column":59}},"24":{"start":{"line":230,"column":24},"end":{"line":230,"column":75}},"25":{"start":{"line":230,"column":44},"end":{"line":230,"column":75}},"26":{"start":{"line":232,"column":2},"end":{"line":328,"column":4}},"27":{"start":{"line":254,"column":14},"end":{"line":254,"column":null}},"28":{"start":{"line":285,"column":35},"end":{"line":285,"column":55}}},"fnMap":{"0":{"name":"(anonymous_0)","decl":{"start":{"line":210,"column":60},"end":{"line":210,"column":61}},"loc":{"start":{"line":215,"column":5},"end":{"line":329,"column":1}}},"1":{"name":"(anonymous_1)","decl":{"start":{"line":219,"column":12},"end":{"line":219,"column":16}},"loc":{"start":{"line":219,"column":20},"end":{"line":219,"column":40}}},"2":{"name":"(anonymous_2)","decl":{"start":{"line":220,"column":12},"end":{"line":220,"column":13}},"loc":{"start":{"line":220,"column":29},"end":{"line":220,"column":59}}},"3":{"name":"(anonymous_3)","decl":{"start":{"line":222,"column":25},"end":{"line":222,"column":26}},"loc":{"start":{"line":222,"column":48},"end":{"line":227,"column":3}}},"4":{"name":"(anonymous_4)","decl":{"start":{"line":224,"column":24},"end":{"line":224,"column":28}},"loc":{"start":{"line":224,"column":32},"end":{"line":224,"column":50}}},"5":{"name":"(anonymous_5)","decl":{"start":{"line":229,"column":20},"end":{"line":229,"column":21}},"loc":{"start":{"line":229,"column":39},"end":{"line":229,"column":59}}},"6":{"name":"(anonymous_6)","decl":{"start":{"line":230,"column":24},"end":{"line":230,"column":25}},"loc":{"start":{"line":230,"column":44},"end":{"line":230,"column":75}}},"7":{"name":"(anonymous_7)","decl":{"start":{"line":253,"column":28},"end":{"line":253,"column":29}},"loc":{"start":{"line":254,"column":14},"end":{"line":254,"column":null}}},"8":{"name":"(anonymous_8)","decl":{"start":{"line":285,"column":29},"end":{"line":285,"column":32}},"loc":{"start":{"line":285,"column":35},"end":{"line":285,"column":55}}}},"branchMap":{"0":{"loc":{"start":{"line":220,"column":38},"end":{"line":220,"column":58}},"type":"binary-expr","locations":[{"start":{"line":220,"column":38},"end":{"line":220,"column":53}},{"start":{"line":220,"column":57},"end":{"line":220,"column":58}}]},"1":{"loc":{"start":{"line":223,"column":4},"end":{"line":226,"column":5}},"type":"if","locations":[{"start":{"line":223,"column":4},"end":{"line":226,"column":5}},{"start":{},"end":{}}]},"2":{"loc":{"start":{"line":223,"column":8},"end":{"line":223,"column":70}},"type":"binary-expr","locations":[{"start":{"line":223,"column":8},"end":{"line":223,"column":33}},{"start":{"line":223,"column":37},"end":{"line":223,"column":70}}]},"3":{"loc":{"start":{"line":286,"column":30},"end":{"line":286,"column":78}},"type":"binary-expr","locations":[{"start":{"line":286,"column":30},"end":{"line":286,"column":52}},{"start":{"line":286,"column":56},"end":{"line":286,"column":78}}]},"4":{"loc":{"start":{"line":288,"column":21},"end":{"line":290,"column":30}},"type":"cond-expr","locations":[{"start":{"line":288,"column":46},"end":{"line":288,"column":58}},{"start":{"line":289,"column":21},"end":{"line":290,"column":30}}]},"5":{"loc":{"start":{"line":289,"column":21},"end":{"line":290,"column":30}},"type":"cond-expr","locations":[{"start":{"line":289,"column":46},"end":{"line":289,"column":67}},{"start":{"line":290,"column":21},"end":{"line":290,"column":30}}]},"6":{"loc":{"start":{"line":311,"column":15},"end":{"line":315,"column":null}},"type":"binary-expr","locations":[{"start":{"line":311,"column":15},"end":{"line":311,"column":40}},{"start":{"line":312,"column":16},"end":{"line":314,"column":null}}]}},"s":{"0":0,"1":0,"2":0,"3":0,"4":0,"5":0,"6":0,"7":0,"8":0,"9":0,"10":0,"11":0,"12":0,"13":0,"14":0,"15":0,"16":0,"17":0,"18":0,"19":0,"20":0,"21":0,"22":0,"23":0,"24":0,"25":0,"26":0,"27":0,"28":0},"f":{"0":0,"1":0,"2":0,"3":0,"4":0,"5":0,"6":0,"7":0,"8":0},"b":{"0":[0,0],"1":[0,0],"2":[0,0],"3":[0,0],"4":[0,0],"5":[0,0],"6":[0,0]}}
,"C:\\Users\\marcelo.farias\\Documents\\Projetos\\cavaleiros-das-trevas\\src\\components\\RoyalLendleScreen.tsx": {"path":"C:\\Users\\marcelo.farias\\Documents\\Projetos\\cavaleiros-das-trevas\\src\\components\\RoyalLendleScreen.tsx","statementMap":{"0":{"start":{"line":13,"column":15},"end":{"line":22,"column":2}},"1":{"start":{"line":25,"column":22},"end":{"line":53,"column":2}},"2":{"start":{"line":55,"column":18},"end":{"line":83,"column":2}},"3":{"start":{"line":85,"column":22},"end":{"line":95,"column":2}},"4":{"start":{"line":97,"column":22},"end":{"line":109,"column":2}},"5":{"start":{"line":111,"column":19},"end":{"line":139,"column":2}},"6":{"start":{"line":144,"column":21},"end":{"line":174,"column":2}},"7":{"start":{"line":182,"column":60},"end":{"line":341,"column":1}},"8":{"start":{"line":187,"column":40},"end":{"line":187,"column":55}},"9":{"start":{"line":188,"column":44},"end":{"line":188,"column":59}},"10":{"start":{"line":189,"column":50},"end":{"line":189,"column":72}},"11":{"start":{"line":193,"column":2},"end":{"line":209,"column":9}},"12":{"start":{"line":195,"column":22},"end":{"line":197,"column":11}},"13":{"start":{"line":196,"column":6},"end":{"line":196,"column":27}},"14":{"start":{"line":200,"column":25},"end":{"line":202,"column":12}},"15":{"start":{"line":204,"column":4},"end":{"line":208,"column":6}},"16":{"start":{"line":205,"column":6},"end":{"line":205,"column":30}},"17":{"start":{"line":206,"column":6},"end":{"line":206,"column":33}},"18":{"start":{"line":211,"column":23},"end":{"line":214,"column":3}},"19":{"start":{"line":213,"column":4},"end":{"line":213,"column":21}},"20":{"start":{"line":218,"column":18},"end":{"line":218,"column":36}},"21":{"start":{"line":220,"column":2},"end":{"line":340,"column":4}},"22":{"start":{"line":223,"column":8},"end":{"line":223,"column":20}},"23":{"start":{"line":224,"column":8},"end":{"line":224,"column":22}},"24":{"start":{"line":300,"column":41},"end":{"line":300,"column":69}},"25":{"start":{"line":315,"column":41},"end":{"line":315,"column":69}},"26":{"start":{"line":336,"column":23},"end":{"line":336,"column":46}}},"fnMap":{"0":{"name":"(anonymous_0)","decl":{"start":{"line":182,"column":60},"end":{"line":182,"column":61}},"loc":{"start":{"line":186,"column":5},"end":{"line":341,"column":1}}},"1":{"name":"(anonymous_1)","decl":{"start":{"line":193,"column":12},"end":{"line":193,"column":15}},"loc":{"start":{"line":193,"column":17},"end":{"line":209,"column":3}}},"2":{"name":"(anonymous_2)","decl":{"start":{"line":195,"column":33},"end":{"line":195,"column":36}},"loc":{"start":{"line":195,"column":38},"end":{"line":197,"column":5}}},"3":{"name":"(anonymous_3)","decl":{"start":{"line":200,"column":36},"end":{"line":200,"column":39}},"loc":{"start":{"line":200,"column":41},"end":{"line":202,"column":5}}},"4":{"name":"(anonymous_4)","decl":{"start":{"line":204,"column":11},"end":{"line":204,"column":14}},"loc":{"start":{"line":204,"column":16},"end":{"line":208,"column":5}}},"5":{"name":"(anonymous_5)","decl":{"start":{"line":211,"column":23},"end":{"line":211,"column":24}},"loc":{"start":{"line":211,"column":42},"end":{"line":214,"column":3}}},"6":{"name":"(anonymous_6)","decl":{"start":{"line":222,"column":27},"end":{"line":222,"column":29}},"loc":{"start":{"line":222,"column":31},"end":{"line":224,"column":23}}},"7":{"name":"(anonymous_7)","decl":{"start":{"line":300,"column":35},"end":{"line":300,"column":38}},"loc":{"start":{"line":300,"column":41},"end":{"line":300,"column":69}}},"8":{"name":"(anonymous_8)","decl":{"start":{"line":315,"column":35},"end":{"line":315,"column":38}},"loc":{"start":{"line":315,"column":41},"end":{"line":315,"column":69}}},"9":{"name":"(anonymous_9)","decl":{"start":{"line":336,"column":17},"end":{"line":336,"column":20}},"loc":{"start":{"line":336,"column":23},"end":{"line":336,"column":46}}}},"branchMap":{"0":{"loc":{"start":{"line":239,"column":24},"end":{"line":239,"column":114}},"type":"cond-expr","locations":[{"start":{"line":239,"column":40},"end":{"line":239,"column":84}},{"start":{"line":239,"column":88},"end":{"line":239,"column":114}}]},"1":{"loc":{"start":{"line":239,"column":40},"end":{"line":239,"column":84}},"type":"cond-expr","locations":[{"start":{"line":239,"column":52},"end":{"line":239,"column":67}},{"start":{"line":239,"column":70},"end":{"line":239,"column":84}}]},"2":{"loc":{"start":{"line":244,"column":21},"end":{"line":244,"column":80}},"type":"cond-expr","locations":[{"start":{"line":244,"column":37},"end":{"line":244,"column":70}},{"start":{"line":244,"column":74},"end":{"line":244,"column":80}}]},"3":{"loc":{"start":{"line":244,"column":37},"end":{"line":244,"column":70}},"type":"cond-expr","locations":[{"start":{"line":244,"column":49},"end":{"line":244,"column":58}},{"start":{"line":244,"column":61},"end":{"line":244,"column":70}}]},"4":{"loc":{"start":{"line":247,"column":23},"end":{"line":247,"column":45}},"type":"cond-expr","locations":[{"start":{"line":247,"column":38},"end":{"line":247,"column":39}},{"start":{"line":247,"column":42},"end":{"line":247,"column":45}}]},"5":{"loc":{"start":{"line":248,"column":25},"end":{"line":251,"column":20}},"type":"cond-expr","locations":[{"start":{"line":248,"column":40},"end":{"line":251,"column":16}},{"start":{"line":251,"column":18},"end":{"line":251,"column":20}}]},"6":{"loc":{"start":{"line":257,"column":13},"end":{"line":257,"column":58}},"type":"cond-expr","locations":[{"start":{"line":257,"column":25},"end":{"line":257,"column":38}},{"start":{"line":257,"column":41},"end":{"line":257,"column":58}}]},"7":{"loc":{"start":{"line":275,"column":23},"end":{"line":275,"column":42}},"type":"cond-expr","locations":[{"start":{"line":275,"column":37},"end":{"line":275,"column":38}},{"start":{"line":275,"column":41},"end":{"line":275,"column":42}}]}},"s":{"0":0,"1":0,"2":0,"3":0,"4":0,"5":0,"6":0,"7":0,"8":0,"9":0,"10":0,"11":0,"12":0,"13":0,"14":0,"15":0,"16":0,"17":0,"18":0,"19":0,"20":0,"21":0,"22":0,"23":0,"24":0,"25":0,"26":0},"f":{"0":0,"1":0,"2":0,"3":0,"4":0,"5":0,"6":0,"7":0,"8":0,"9":0},"b":{"0":[0,0],"1":[0,0],"2":[0,0],"3":[0,0],"4":[0,0],"5":[0,0],"6":[0,0],"7":[0,0]}}
,"C:\\Users\\marcelo.farias\\Documents\\Projetos\\cavaleiros-das-trevas\\src\\components\\Screen115.tsx": {"path":"C:\\Users\\marcelo.farias\\Documents\\Projetos\\cavaleiros-das-trevas\\src\\components\\Screen115.tsx","statementMap":{"0":{"start":{"line":13,"column":15},"end":{"line":16,"column":2}},"1":{"start":{"line":18,"column":18},"end":{"line":33,"column":2}},"2":{"start":{"line":35,"column":17},"end":{"line":51,"column":2}},"3":{"start":{"line":53,"column":22},"end":{"line":61,"column":2}},"4":{"start":{"line":71,"column":44},"end":{"line":186,"column":1}},"5":{"start":{"line":73,"column":50},"end":{"line":73,"column":68}},"6":{"start":{"line":74,"column":30},"end":{"line":74,"column":69}},"7":{"start":{"line":75,"column":44},"end":{"line":75,"column":59}},"8":{"start":{"line":76,"column":26},"end":{"line":76,"column":41}},"9":{"start":{"line":79,"column":19},"end":{"line":79,"column":33}},"10":{"start":{"line":81,"column":16},"end":{"line":81,"column":80}},"11":{"start":{"line":81,"column":31},"end":{"line":81,"column":68}},"12":{"start":{"line":82,"column":21},"end":{"line":82,"column":38}},"13":{"start":{"line":83,"column":20},"end":{"line":83,"column":100}},"14":{"start":{"line":83,"column":35},"end":{"line":83,"column":77}},"15":{"start":{"line":85,"column":29},"end":{"line":90,"column":3}},"16":{"start":{"line":86,"column":4},"end":{"line":86,"column":34}},"17":{"start":{"line":87,"column":4},"end":{"line":87,"column":22}},"18":{"start":{"line":88,"column":4},"end":{"line":88,"column":18}},"19":{"start":{"line":89,"column":4},"end":{"line":89,"column":28}},"20":{"start":{"line":92,"column":22},"end":{"line":95,"column":3}},"21":{"start":{"line":93,"column":4},"end":{"line":93,"column":15}},"22":{"start":{"line":94,"column":4},"end":{"line":94,"column":27}},"23":{"start":{"line":96,"column":2},"end":{"line":185,"column":4}},"24":{"start":{"line":168,"column":16},"end":{"line":168,"column":31}},"25":{"start":{"line":169,"column":16},"end":{"line":176,"column":17}},"26":{"start":{"line":170,"column":18},"end":{"line":170,"column":36}},"27":{"start":{"line":173,"column":18},"end":{"line":173,"column":74}},"28":{"start":{"line":174,"column":18},"end":{"line":174,"column":102}},"29":{"start":{"line":175,"column":18},"end":{"line":175,"column":36}}},"fnMap":{"0":{"name":"(anonymous_0)","decl":{"start":{"line":71,"column":44},"end":{"line":71,"column":45}},"loc":{"start":{"line":71,"column":87},"end":{"line":186,"column":1}}},"1":{"name":"(anonymous_1)","decl":{"start":{"line":81,"column":24},"end":{"line":81,"column":27}},"loc":{"start":{"line":81,"column":31},"end":{"line":81,"column":68}}},"2":{"name":"(anonymous_2)","decl":{"start":{"line":83,"column":28},"end":{"line":83,"column":31}},"loc":{"start":{"line":83,"column":35},"end":{"line":83,"column":77}}},"3":{"name":"(anonymous_3)","decl":{"start":{"line":85,"column":29},"end":{"line":85,"column":30}},"loc":{"start":{"line":85,"column":48},"end":{"line":90,"column":3}}},"4":{"name":"(anonymous_4)","decl":{"start":{"line":92,"column":22},"end":{"line":92,"column":25}},"loc":{"start":{"line":92,"column":27},"end":{"line":95,"column":3}}},"5":{"name":"(anonymous_5)","decl":{"start":{"line":167,"column":51},"end":{"line":167,"column":54}},"loc":{"start":{"line":167,"column":56},"end":{"line":177,"column":15}}}},"branchMap":{"0":{"loc":{"start":{"line":81,"column":31},"end":{"line":81,"column":68}},"type":"cond-expr","locations":[{"start":{"line":81,"column":40},"end":{"line":81,"column":61}},{"start":{"line":81,"column":64},"end":{"line":81,"column":68}}]},"1":{"loc":{"start":{"line":83,"column":35},"end":{"line":83,"column":77}},"type":"cond-expr","locations":[{"start":{"line":83,"column":51},"end":{"line":83,"column":70}},{"start":{"line":83,"column":73},"end":{"line":83,"column":77}}]},"2":{"loc":{"start":{"line":107,"column":24},"end":{"line":107,"column":114}},"type":"cond-expr","locations":[{"start":{"line":107,"column":40},"end":{"line":107,"column":84}},{"start":{"line":107,"column":88},"end":{"line":107,"column":114}}]},"3":{"loc":{"start":{"line":107,"column":40},"end":{"line":107,"column":84}},"type":"cond-expr","locations":[{"start":{"line":107,"column":52},"end":{"line":107,"column":67}},{"start":{"line":107,"column":70},"end":{"line":107,"column":84}}]},"4":{"loc":{"start":{"line":112,"column":21},"end":{"line":112,"column":80}},"type":"cond-expr","locations":[{"start":{"line":112,"column":37},"end":{"line":112,"column":70}},{"start":{"line":112,"column":74},"end":{"line":112,"column":80}}]},"5":{"loc":{"start":{"line":112,"column":37},"end":{"line":112,"column":70}},"type":"cond-expr","locations":[{"start":{"line":112,"column":49},"end":{"line":112,"column":58}},{"start":{"line":112,"column":61},"end":{"line":112,"column":70}}]},"6":{"loc":{"start":{"line":115,"column":23},"end":{"line":115,"column":45}},"type":"cond-expr","locations":[{"start":{"line":115,"column":38},"end":{"line":115,"column":39}},{"start":{"line":115,"column":42},"end":{"line":115,"column":45}}]},"7":{"loc":{"start":{"line":116,"column":25},"end":{"line":119,"column":20}},"type":"cond-expr","locations":[{"start":{"line":116,"column":40},"end":{"line":119,"column":16}},{"start":{"line":119,"column":18},"end":{"line":119,"column":20}}]},"8":{"loc":{"start":{"line":125,"column":13},"end":{"line":125,"column":58}},"type":"cond-expr","locations":[{"start":{"line":125,"column":25},"end":{"line":125,"column":38}},{"start":{"line":125,"column":41},"end":{"line":125,"column":58}}]},"9":{"loc":{"start":{"line":159,"column":15},"end":{"line":159,"column":68}},"type":"cond-expr","locations":[{"start":{"line":159,"column":27},"end":{"line":159,"column":44}},{"start":{"line":159,"column":47},"end":{"line":159,"column":68}}]},"10":{"loc":{"start":{"line":163,"column":24},"end":{"line":163,"column":78}},"type":"cond-expr","locations":[{"start":{"line":163,"column":33},"end":{"line":163,"column":73}},{"start":{"line":163,"column":76},"end":{"line":163,"column":78}}]},"11":{"loc":{"start":{"line":169,"column":16},"end":{"line":176,"column":17}},"type":"if","locations":[{"start":{"line":169,"column":16},"end":{"line":176,"column":17}},{"start":{"line":171,"column":23},"end":{"line":176,"column":17}}]}},"s":{"0":0,"1":0,"2":0,"3":0,"4":0,"5":0,"6":0,"7":0,"8":0,"9":0,"10":0,"11":0,"12":0,"13":0,"14":0,"15":0,"16":0,"17":0,"18":0,"19":0,"20":0,"21":0,"22":0,"23":0,"24":0,"25":0,"26":0,"27":0,"28":0,"29":0},"f":{"0":0,"1":0,"2":0,"3":0,"4":0,"5":0},"b":{"0":[0,0],"1":[0,0],"2":[0,0],"3":[0,0],"4":[0,0],"5":[0,0],"6":[0,0],"7":[0,0],"8":[0,0],"9":[0,0],"10":[0,0],"11":[0,0]}}
,"C:\\Users\\marcelo.farias\\Documents\\Projetos\\cavaleiros-das-trevas\\src\\components\\Screen140.tsx": {"path":"C:\\Users\\marcelo.farias\\Documents\\Projetos\\cavaleiros-das-trevas\\src\\components\\Screen140.tsx","statementMap":{"0":{"start":{"line":10,"column":15},"end":{"line":13,"column":2}},"1":{"start":{"line":15,"column":18},"end":{"line":30,"column":2}},"2":{"start":{"line":32,"column":17},"end":{"line":48,"column":2}},"3":{"start":{"line":50,"column":22},"end":{"line":58,"column":2}},"4":{"start":{"line":60,"column":21},"end":{"line":90,"column":2}},"5":{"start":{"line":100,"column":44},"end":{"line":288,"column":1}},"6":{"start":{"line":102,"column":50},"end":{"line":102,"column":68}},"7":{"start":{"line":105,"column":46},"end":{"line":105,"column":61}},"8":{"start":{"line":106,"column":46},"end":{"line":106,"column":61}},"9":{"start":{"line":107,"column":46},"end":{"line":107,"column":57}},"10":{"start":{"line":110,"column":29},"end":{"line":110,"column":42}},"11":{"start":{"line":113,"column":2},"end":{"line":217,"column":9}},"12":{"start":{"line":115,"column":4},"end":{"line":117,"column":5}},"13":{"start":{"line":116,"column":6},"end":{"line":116,"column":13}},"14":{"start":{"line":120,"column":4},"end":{"line":123,"column":5}},"15":{"start":{"line":121,"column":6},"end":{"line":121,"column":74}},"16":{"start":{"line":122,"column":6},"end":{"line":122,"column":13}},"17":{"start":{"line":125,"column":26},"end":{"line":214,"column":5}},"18":{"start":{"line":126,"column":6},"end":{"line":213,"column":7}},"19":{"start":{"line":127,"column":32},"end":{"line":127,"column":44}},"20":{"start":{"line":129,"column":8},"end":{"line":129,"column":84}},"21":{"start":{"line":132,"column":30},"end":{"line":132,"column":57}},"22":{"start":{"line":133,"column":8},"end":{"line":137,"column":9}},"23":{"start":{"line":134,"column":10},"end":{"line":134,"column":43}},"24":{"start":{"line":136,"column":10},"end":{"line":136,"column":42}},"25":{"start":{"line":138,"column":8},"end":{"line":138,"column":104}},"26":{"start":{"line":141,"column":31},"end":{"line":141,"column":79}},"27":{"start":{"line":142,"column":30},"end":{"line":142,"column":75}},"28":{"start":{"line":146,"column":33},"end":{"line":146,"column":50}},"29":{"start":{"line":149,"column":8},"end":{"line":149,"column":44}},"30":{"start":{"line":151,"column":8},"end":{"line":151,"column":72}},"31":{"start":{"line":152,"column":8},"end":{"line":152,"column":74}},"32":{"start":{"line":153,"column":8},"end":{"line":153,"column":77}},"33":{"start":{"line":154,"column":8},"end":{"line":154,"column":74}},"34":{"start":{"line":157,"column":27},"end":{"line":157,"column":83}},"35":{"start":{"line":157,"column":62},"end":{"line":157,"column":82}},"36":{"start":{"line":158,"column":8},"end":{"line":165,"column":9}},"37":{"start":{"line":159,"column":35},"end":{"line":159,"column":56}},"38":{"start":{"line":160,"column":33},"end":{"line":160,"column":86}},"39":{"start":{"line":161,"column":10},"end":{"line":161,"column":49}},"40":{"start":{"line":162,"column":10},"end":{"line":162,"column":98}},"41":{"start":{"line":164,"column":10},"end":{"line":164,"column":74}},"42":{"start":{"line":168,"column":8},"end":{"line":168,"column":60}},"43":{"start":{"line":169,"column":8},"end":{"line":169,"column":68}},"44":{"start":{"line":172,"column":8},"end":{"line":172,"column":39}},"45":{"start":{"line":173,"column":8},"end":{"line":173,"column":66}},"46":{"start":{"line":176,"column":8},"end":{"line":176,"column":42}},"47":{"start":{"line":179,"column":8},"end":{"line":183,"column":16}},"48":{"start":{"line":180,"column":10},"end":{"line":180,"column":34}},"49":{"start":{"line":182,"column":10},"end":{"line":182,"column":59}},"50":{"start":{"line":182,"column":27},"end":{"line":182,"column":51}},"51":{"start":{"line":186,"column":29},"end":{"line":186,"column":86}},"52":{"start":{"line":187,"column":30},"end":{"line":187,"column":88}},"53":{"start":{"line":189,"column":8},"end":{"line":189,"column":123}},"54":{"start":{"line":191,"column":8},"end":{"line":203,"column":9}},"55":{"start":{"line":193,"column":10},"end":{"line":193,"column":75}},"56":{"start":{"line":194,"column":10},"end":{"line":198,"column":19}},"57":{"start":{"line":195,"column":12},"end":{"line":195,"column":36}},"58":{"start":{"line":197,"column":12},"end":{"line":197,"column":61}},"59":{"start":{"line":197,"column":29},"end":{"line":197,"column":53}},"60":{"start":{"line":200,"column":10},"end":{"line":200,"column":92}},"61":{"start":{"line":202,"column":10},"end":{"line":202,"column":60}},"62":{"start":{"line":206,"column":8},"end":{"line":209,"column":9}},"63":{"start":{"line":207,"column":10},"end":{"line":207,"column":97}},"64":{"start":{"line":208,"column":10},"end":{"line":208,"column":61}},"65":{"start":{"line":212,"column":8},"end":{"line":212,"column":70}},"66":{"start":{"line":216,"column":4},"end":{"line":216,"column":20}},"67":{"start":{"line":219,"column":2},"end":{"line":287,"column":4}},"68":{"start":{"line":280,"column":41},"end":{"line":280,"column":57}}},"fnMap":{"0":{"name":"(anonymous_0)","decl":{"start":{"line":100,"column":44},"end":{"line":100,"column":45}},"loc":{"start":{"line":100,"column":87},"end":{"line":288,"column":1}}},"1":{"name":"(anonymous_1)","decl":{"start":{"line":113,"column":12},"end":{"line":113,"column":15}},"loc":{"start":{"line":113,"column":17},"end":{"line":217,"column":3}}},"2":{"name":"(anonymous_2)","decl":{"start":{"line":125,"column":26},"end":{"line":125,"column":29}},"loc":{"start":{"line":125,"column":31},"end":{"line":214,"column":5}}},"3":{"name":"(anonymous_3)","decl":{"start":{"line":157,"column":54},"end":{"line":157,"column":58}},"loc":{"start":{"line":157,"column":62},"end":{"line":157,"column":82}}},"4":{"name":"(anonymous_4)","decl":{"start":{"line":179,"column":19},"end":{"line":179,"column":22}},"loc":{"start":{"line":179,"column":24},"end":{"line":183,"column":9}}},"5":{"name":"(anonymous_5)","decl":{"start":{"line":182,"column":21},"end":{"line":182,"column":24}},"loc":{"start":{"line":182,"column":27},"end":{"line":182,"column":51}}},"6":{"name":"(anonymous_6)","decl":{"start":{"line":194,"column":21},"end":{"line":194,"column":24}},"loc":{"start":{"line":194,"column":26},"end":{"line":198,"column":11}}},"7":{"name":"(anonymous_7)","decl":{"start":{"line":197,"column":23},"end":{"line":197,"column":26}},"loc":{"start":{"line":197,"column":29},"end":{"line":197,"column":53}}},"8":{"name":"(anonymous_8)","decl":{"start":{"line":280,"column":35},"end":{"line":280,"column":38}},"loc":{"start":{"line":280,"column":41},"end":{"line":280,"column":57}}}},"branchMap":{"0":{"loc":{"start":{"line":115,"column":4},"end":{"line":117,"column":5}},"type":"if","locations":[{"start":{"line":115,"column":4},"end":{"line":117,"column":5}},{"start":{},"end":{}}]},"1":{"loc":{"start":{"line":120,"column":4},"end":{"line":123,"column":5}},"type":"if","locations":[{"start":{"line":120,"column":4},"end":{"line":123,"column":5}},{"start":{},"end":{}}]},"2":{"loc":{"start":{"line":120,"column":8},"end":{"line":120,"column":68}},"type":"binary-expr","locations":[{"start":{"line":120,"column":8},"end":{"line":120,"column":14}},{"start":{"line":120,"column":18},"end":{"line":120,"column":30}},{"start":{"line":120,"column":34},"end":{"line":120,"column":52}},{"start":{"line":120,"column":56},"end":{"line":120,"column":68}}]},"3":{"loc":{"start":{"line":133,"column":8},"end":{"line":137,"column":9}},"type":"if","locations":[{"start":{"line":133,"column":8},"end":{"line":137,"column":9}},{"start":{"line":135,"column":15},"end":{"line":137,"column":9}}]},"4":{"loc":{"start":{"line":142,"column":30},"end":{"line":142,"column":75}},"type":"cond-expr","locations":[{"start":{"line":142,"column":47},"end":{"line":142,"column":71}},{"start":{"line":142,"column":74},"end":{"line":142,"column":75}}]},"5":{"loc":{"start":{"line":158,"column":8},"end":{"line":165,"column":9}},"type":"if","locations":[{"start":{"line":158,"column":8},"end":{"line":165,"column":9}},{"start":{"line":163,"column":15},"end":{"line":165,"column":9}}]},"6":{"loc":{"start":{"line":158,"column":12},"end":{"line":158,"column":47}},"type":"binary-expr","locations":[{"start":{"line":158,"column":12},"end":{"line":158,"column":22}},{"start":{"line":158,"column":26},"end":{"line":158,"column":47}}]},"7":{"loc":{"start":{"line":191,"column":8},"end":{"line":203,"column":9}},"type":"if","locations":[{"start":{"line":191,"column":8},"end":{"line":203,"column":9}},{"start":{"line":199,"column":15},"end":{"line":203,"column":9}}]},"8":{"loc":{"start":{"line":206,"column":8},"end":{"line":209,"column":9}},"type":"if","locations":[{"start":{"line":206,"column":8},"end":{"line":209,"column":9}},{"start":{},"end":{}}]},"9":{"loc":{"start":{"line":227,"column":12},"end":{"line":227,"column":100}},"type":"cond-expr","locations":[{"start":{"line":227,"column":33},"end":{"line":227,"column":69}},{"start":{"line":227,"column":72},"end":{"line":227,"column":100}}]},"10":{"loc":{"start":{"line":239,"column":24},"end":{"line":239,"column":114}},"type":"cond-expr","locations":[{"start":{"line":239,"column":40},"end":{"line":239,"column":84}},{"start":{"line":239,"column":88},"end":{"line":239,"column":114}}]},"11":{"loc":{"start":{"line":239,"column":40},"end":{"line":239,"column":84}},"type":"cond-expr","locations":[{"start":{"line":239,"column":52},"end":{"line":239,"column":67}},{"start":{"line":239,"column":70},"end":{"line":239,"column":84}}]},"12":{"loc":{"start":{"line":244,"column":21},"end":{"line":244,"column":80}},"type":"cond-expr","locations":[{"start":{"line":244,"column":37},"end":{"line":244,"column":70}},{"start":{"line":244,"column":74},"end":{"line":244,"column":80}}]},"13":{"loc":{"start":{"line":244,"column":37},"end":{"line":244,"column":70}},"type":"cond-expr","locations":[{"start":{"line":244,"column":49},"end":{"line":244,"column":58}},{"start":{"line":244,"column":61},"end":{"line":244,"column":70}}]},"14":{"loc":{"start":{"line":247,"column":23},"end":{"line":247,"column":45}},"type":"cond-expr","locations":[{"start":{"line":247,"column":38},"end":{"line":247,"column":39}},{"start":{"line":247,"column":42},"end":{"line":247,"column":45}}]},"15":{"loc":{"start":{"line":248,"column":25},"end":{"line":251,"column":20}},"type":"cond-expr","locations":[{"start":{"line":248,"column":40},"end":{"line":251,"column":16}},{"start":{"line":251,"column":18},"end":{"line":251,"column":20}}]},"16":{"loc":{"start":{"line":257,"column":13},"end":{"line":257,"column":58}},"type":"cond-expr","locations":[{"start":{"line":257,"column":25},"end":{"line":257,"column":38}},{"start":{"line":257,"column":41},"end":{"line":257,"column":58}}]}},"s":{"0":0,"1":0,"2":0,"3":0,"4":0,"5":0,"6":0,"7":0,"8":0,"9":0,"10":0,"11":0,"12":0,"13":0,"14":0,"15":0,"16":0,"17":0,"18":0,"19":0,"20":0,"21":0,"22":0,"23":0,"24":0,"25":0,"26":0,"27":0,"28":0,"29":0,"30":0,"31":0,"32":0,"33":0,"34":0,"35":0,"36":0,"37":0,"38":0,"39":0,"40":0,"41":0,"42":0,"43":0,"44":0,"45":0,"46":0,"47":0,"48":0,"49":0,"50":0,"51":0,"52":0,"53":0,"54":0,"55":0,"56":0,"57":0,"58":0,"59":0,"60":0,"61":0,"62":0,"63":0,"64":0,"65":0,"66":0,"67":0,"68":0},"f":{"0":0,"1":0,"2":0,"3":0,"4":0,"5":0,"6":0,"7":0,"8":0},"b":{"0":[0,0],"1":[0,0],"2":[0,0,0,0],"3":[0,0],"4":[0,0],"5":[0,0],"6":[0,0],"7":[0,0],"8":[0,0],"9":[0,0],"10":[0,0],"11":[0,0],"12":[0,0],"13":[0,0],"14":[0,0],"15":[0,0],"16":[0,0]}}
,"C:\\Users\\marcelo.farias\\Documents\\Projetos\\cavaleiros-das-trevas\\src\\components\\Screen151.tsx": {"path":"C:\\Users\\marcelo.farias\\Documents\\Projetos\\cavaleiros-das-trevas\\src\\components\\Screen151.tsx","statementMap":{"0":{"start":{"line":7,"column":15},"end":{"line":10,"column":2}},"1":{"start":{"line":12,"column":18},"end":{"line":27,"column":2}},"2":{"start":{"line":29,"column":17},"end":{"line":45,"column":2}},"3":{"start":{"line":47,"column":22},"end":{"line":55,"column":2}},"4":{"start":{"line":57,"column":21},"end":{"line":87,"column":2}},"5":{"start":{"line":93,"column":44},"end":{"line":158,"column":1}},"6":{"start":{"line":95,"column":50},"end":{"line":95,"column":68}},"7":{"start":{"line":97,"column":2},"end":{"line":157,"column":4}},"8":{"start":{"line":147,"column":41},"end":{"line":147,"column":57}},"9":{"start":{"line":150,"column":41},"end":{"line":150,"column":57}}},"fnMap":{"0":{"name":"(anonymous_0)","decl":{"start":{"line":93,"column":44},"end":{"line":93,"column":45}},"loc":{"start":{"line":93,"column":65},"end":{"line":158,"column":1}}},"1":{"name":"(anonymous_1)","decl":{"start":{"line":147,"column":35},"end":{"line":147,"column":38}},"loc":{"start":{"line":147,"column":41},"end":{"line":147,"column":57}}},"2":{"name":"(anonymous_2)","decl":{"start":{"line":150,"column":35},"end":{"line":150,"column":38}},"loc":{"start":{"line":150,"column":41},"end":{"line":150,"column":57}}}},"branchMap":{"0":{"loc":{"start":{"line":108,"column":24},"end":{"line":108,"column":114}},"type":"cond-expr","locations":[{"start":{"line":108,"column":40},"end":{"line":108,"column":84}},{"start":{"line":108,"column":88},"end":{"line":108,"column":114}}]},"1":{"loc":{"start":{"line":108,"column":40},"end":{"line":108,"column":84}},"type":"cond-expr","locations":[{"start":{"line":108,"column":52},"end":{"line":108,"column":67}},{"start":{"line":108,"column":70},"end":{"line":108,"column":84}}]},"2":{"loc":{"start":{"line":113,"column":21},"end":{"line":113,"column":80}},"type":"cond-expr","locations":[{"start":{"line":113,"column":37},"end":{"line":113,"column":70}},{"start":{"line":113,"column":74},"end":{"line":113,"column":80}}]},"3":{"loc":{"start":{"line":113,"column":37},"end":{"line":113,"column":70}},"type":"cond-expr","locations":[{"start":{"line":113,"column":49},"end":{"line":113,"column":58}},{"start":{"line":113,"column":61},"end":{"line":113,"column":70}}]},"4":{"loc":{"start":{"line":116,"column":23},"end":{"line":116,"column":45}},"type":"cond-expr","locations":[{"start":{"line":116,"column":38},"end":{"line":116,"column":39}},{"start":{"line":116,"column":42},"end":{"line":116,"column":45}}]},"5":{"loc":{"start":{"line":117,"column":25},"end":{"line":120,"column":20}},"type":"cond-expr","locations":[{"start":{"line":117,"column":40},"end":{"line":120,"column":16}},{"start":{"line":120,"column":18},"end":{"line":120,"column":20}}]},"6":{"loc":{"start":{"line":126,"column":13},"end":{"line":126,"column":58}},"type":"cond-expr","locations":[{"start":{"line":126,"column":25},"end":{"line":126,"column":38}},{"start":{"line":126,"column":41},"end":{"line":126,"column":58}}]}},"s":{"0":0,"1":0,"2":0,"3":0,"4":0,"5":0,"6":0,"7":0,"8":0,"9":0},"f":{"0":0,"1":0,"2":0},"b":{"0":[0,0],"1":[0,0],"2":[0,0],"3":[0,0],"4":[0,0],"5":[0,0],"6":[0,0]}}
,"C:\\Users\\marcelo.farias\\Documents\\Projetos\\cavaleiros-das-trevas\\src\\components\\Screen162.tsx": {"path":"C:\\Users\\marcelo.farias\\Documents\\Projetos\\cavaleiros-das-trevas\\src\\components\\Screen162.tsx","statementMap":{"0":{"start":{"line":10,"column":15},"end":{"line":13,"column":2}},"1":{"start":{"line":15,"column":18},"end":{"line":30,"column":2}},"2":{"start":{"line":32,"column":17},"end":{"line":48,"column":2}},"3":{"start":{"line":50,"column":22},"end":{"line":58,"column":2}},"4":{"start":{"line":60,"column":21},"end":{"line":90,"column":2}},"5":{"start":{"line":100,"column":44},"end":{"line":196,"column":1}},"6":{"start":{"line":101,"column":50},"end":{"line":101,"column":68}},"7":{"start":{"line":103,"column":46},"end":{"line":103,"column":61}},"8":{"start":{"line":104,"column":46},"end":{"line":104,"column":57}},"9":{"start":{"line":106,"column":2},"end":{"line":128,"column":9}},"10":{"start":{"line":108,"column":4},"end":{"line":112,"column":12}},"11":{"start":{"line":109,"column":6},"end":{"line":109,"column":30}},"12":{"start":{"line":111,"column":6},"end":{"line":111,"column":55}},"13":{"start":{"line":111,"column":23},"end":{"line":111,"column":47}},"14":{"start":{"line":115,"column":4},"end":{"line":127,"column":5}},"15":{"start":{"line":116,"column":29},"end":{"line":116,"column":77}},"16":{"start":{"line":117,"column":6},"end":{"line":124,"column":7}},"17":{"start":{"line":118,"column":30},"end":{"line":118,"column":54}},"18":{"start":{"line":119,"column":8},"end":{"line":119,"column":41}},"19":{"start":{"line":120,"column":8},"end":{"line":120,"column":87}},"20":{"start":{"line":123,"column":8},"end":{"line":123,"column":60}},"21":{"start":{"line":126,"column":6},"end":{"line":126,"column":73}},"22":{"start":{"line":130,"column":2},"end":{"line":195,"column":4}},"23":{"start":{"line":184,"column":41},"end":{"line":184,"column":57}},"24":{"start":{"line":188,"column":41},"end":{"line":188,"column":57}}},"fnMap":{"0":{"name":"(anonymous_0)","decl":{"start":{"line":100,"column":44},"end":{"line":100,"column":45}},"loc":{"start":{"line":100,"column":65},"end":{"line":196,"column":1}}},"1":{"name":"(anonymous_1)","decl":{"start":{"line":106,"column":12},"end":{"line":106,"column":15}},"loc":{"start":{"line":106,"column":17},"end":{"line":128,"column":3}}},"2":{"name":"(anonymous_2)","decl":{"start":{"line":108,"column":15},"end":{"line":108,"column":18}},"loc":{"start":{"line":108,"column":20},"end":{"line":112,"column":5}}},"3":{"name":"(anonymous_3)","decl":{"start":{"line":111,"column":17},"end":{"line":111,"column":20}},"loc":{"start":{"line":111,"column":23},"end":{"line":111,"column":47}}},"4":{"name":"(anonymous_4)","decl":{"start":{"line":184,"column":35},"end":{"line":184,"column":38}},"loc":{"start":{"line":184,"column":41},"end":{"line":184,"column":57}}},"5":{"name":"(anonymous_5)","decl":{"start":{"line":188,"column":35},"end":{"line":188,"column":38}},"loc":{"start":{"line":188,"column":41},"end":{"line":188,"column":57}}}},"branchMap":{"0":{"loc":{"start":{"line":117,"column":6},"end":{"line":124,"column":7}},"type":"if","locations":[{"start":{"line":117,"column":6},"end":{"line":124,"column":7}},{"start":{},"end":{}}]},"1":{"loc":{"start":{"line":146,"column":24},"end":{"line":146,"column":114}},"type":"cond-expr","locations":[{"start":{"line":146,"column":40},"end":{"line":146,"column":84}},{"start":{"line":146,"column":88},"end":{"line":146,"column":114}}]},"2":{"loc":{"start":{"line":146,"column":40},"end":{"line":146,"column":84}},"type":"cond-expr","locations":[{"start":{"line":146,"column":52},"end":{"line":146,"column":67}},{"start":{"line":146,"column":70},"end":{"line":146,"column":84}}]},"3":{"loc":{"start":{"line":151,"column":21},"end":{"line":151,"column":80}},"type":"cond-expr","locations":[{"start":{"line":151,"column":37},"end":{"line":151,"column":70}},{"start":{"line":151,"column":74},"end":{"line":151,"column":80}}]},"4":{"loc":{"start":{"line":151,"column":37},"end":{"line":151,"column":70}},"type":"cond-expr","locations":[{"start":{"line":151,"column":49},"end":{"line":151,"column":58}},{"start":{"line":151,"column":61},"end":{"line":151,"column":70}}]},"5":{"loc":{"start":{"line":154,"column":23},"end":{"line":154,"column":45}},"type":"cond-expr","locations":[{"start":{"line":154,"column":38},"end":{"line":154,"column":39}},{"start":{"line":154,"column":42},"end":{"line":154,"column":45}}]},"6":{"loc":{"start":{"line":155,"column":25},"end":{"line":158,"column":20}},"type":"cond-expr","locations":[{"start":{"line":155,"column":40},"end":{"line":158,"column":16}},{"start":{"line":158,"column":18},"end":{"line":158,"column":20}}]},"7":{"loc":{"start":{"line":164,"column":13},"end":{"line":164,"column":58}},"type":"cond-expr","locations":[{"start":{"line":164,"column":25},"end":{"line":164,"column":38}},{"start":{"line":164,"column":41},"end":{"line":164,"column":58}}]}},"s":{"0":0,"1":0,"2":0,"3":0,"4":0,"5":0,"6":0,"7":0,"8":0,"9":0,"10":0,"11":0,"12":0,"13":0,"14":0,"15":0,"16":0,"17":0,"18":0,"19":0,"20":0,"21":0,"22":0,"23":0,"24":0},"f":{"0":0,"1":0,"2":0,"3":0,"4":0,"5":0},"b":{"0":[0,0],"1":[0,0],"2":[0,0],"3":[0,0],"4":[0,0],"5":[0,0],"6":[0,0],"7":[0,0]}}
,"C:\\Users\\marcelo.farias\\Documents\\Projetos\\cavaleiros-das-trevas\\src\\components\\Screen222.tsx": {"path":"C:\\Users\\marcelo.farias\\Documents\\Projetos\\cavaleiros-das-trevas\\src\\components\\Screen222.tsx","statementMap":{"0":{"start":{"line":10,"column":15},"end":{"line":13,"column":2}},"1":{"start":{"line":15,"column":18},"end":{"line":30,"column":2}},"2":{"start":{"line":32,"column":17},"end":{"line":48,"column":2}},"3":{"start":{"line":50,"column":22},"end":{"line":58,"column":2}},"4":{"start":{"line":60,"column":21},"end":{"line":90,"column":2}},"5":{"start":{"line":100,"column":44},"end":{"line":246,"column":1}},"6":{"start":{"line":102,"column":50},"end":{"line":102,"column":68}},"7":{"start":{"line":105,"column":44},"end":{"line":105,"column":59}},"8":{"start":{"line":106,"column":44},"end":{"line":106,"column":59}},"9":{"start":{"line":109,"column":34},"end":{"line":109,"column":47}},"10":{"start":{"line":112,"column":2},"end":{"line":180,"column":9}},"11":{"start":{"line":114,"column":4},"end":{"line":117,"column":5}},"12":{"start":{"line":116,"column":6},"end":{"line":116,"column":13}},"13":{"start":{"line":119,"column":31},"end":{"line":177,"column":5}},"14":{"start":{"line":120,"column":30},"end":{"line":120,"column":42}},"15":{"start":{"line":123,"column":25},"end":{"line":123,"column":81}},"16":{"start":{"line":123,"column":60},"end":{"line":123,"column":80}},"17":{"start":{"line":124,"column":6},"end":{"line":134,"column":7}},"18":{"start":{"line":125,"column":8},"end":{"line":125,"column":65}},"19":{"start":{"line":127,"column":8},"end":{"line":133,"column":11}},"20":{"start":{"line":137,"column":32},"end":{"line":144,"column":8}},"21":{"start":{"line":147,"column":35},"end":{"line":148,"column":null}},"22":{"start":{"line":148,"column":16},"end":{"line":148,"column":44}},"23":{"start":{"line":151,"column":6},"end":{"line":155,"column":7}},"24":{"start":{"line":152,"column":8},"end":{"line":152,"column":85}},"25":{"start":{"line":154,"column":8},"end":{"line":154,"column":48}},"26":{"start":{"line":158,"column":6},"end":{"line":158,"column":37}},"27":{"start":{"line":161,"column":6},"end":{"line":161,"column":45}},"28":{"start":{"line":166,"column":6},"end":{"line":170,"column":14}},"29":{"start":{"line":167,"column":8},"end":{"line":167,"column":31}},"30":{"start":{"line":169,"column":8},"end":{"line":169,"column":56}},"31":{"start":{"line":169,"column":25},"end":{"line":169,"column":48}},"32":{"start":{"line":172,"column":6},"end":{"line":176,"column":15}},"33":{"start":{"line":173,"column":8},"end":{"line":173,"column":31}},"34":{"start":{"line":175,"column":8},"end":{"line":175,"column":56}},"35":{"start":{"line":175,"column":25},"end":{"line":175,"column":48}},"36":{"start":{"line":179,"column":4},"end":{"line":179,"column":25}},"37":{"start":{"line":182,"column":2},"end":{"line":245,"column":4}},"38":{"start":{"line":238,"column":41},"end":{"line":238,"column":57}}},"fnMap":{"0":{"name":"(anonymous_0)","decl":{"start":{"line":100,"column":44},"end":{"line":100,"column":45}},"loc":{"start":{"line":100,"column":87},"end":{"line":246,"column":1}}},"1":{"name":"(anonymous_1)","decl":{"start":{"line":112,"column":12},"end":{"line":112,"column":15}},"loc":{"start":{"line":112,"column":17},"end":{"line":180,"column":3}}},"2":{"name":"(anonymous_2)","decl":{"start":{"line":119,"column":31},"end":{"line":119,"column":34}},"loc":{"start":{"line":119,"column":36},"end":{"line":177,"column":5}}},"3":{"name":"(anonymous_3)","decl":{"start":{"line":123,"column":52},"end":{"line":123,"column":56}},"loc":{"start":{"line":123,"column":60},"end":{"line":123,"column":80}}},"4":{"name":"(anonymous_4)","decl":{"start":{"line":148,"column":8},"end":{"line":148,"column":12}},"loc":{"start":{"line":148,"column":16},"end":{"line":148,"column":44}}},"5":{"name":"(anonymous_5)","decl":{"start":{"line":166,"column":17},"end":{"line":166,"column":20}},"loc":{"start":{"line":166,"column":22},"end":{"line":170,"column":7}}},"6":{"name":"(anonymous_6)","decl":{"start":{"line":169,"column":19},"end":{"line":169,"column":22}},"loc":{"start":{"line":169,"column":25},"end":{"line":169,"column":48}}},"7":{"name":"(anonymous_7)","decl":{"start":{"line":172,"column":17},"end":{"line":172,"column":20}},"loc":{"start":{"line":172,"column":22},"end":{"line":176,"column":7}}},"8":{"name":"(anonymous_8)","decl":{"start":{"line":175,"column":19},"end":{"line":175,"column":22}},"loc":{"start":{"line":175,"column":25},"end":{"line":175,"column":48}}},"9":{"name":"(anonymous_9)","decl":{"start":{"line":238,"column":35},"end":{"line":238,"column":38}},"loc":{"start":{"line":238,"column":41},"end":{"line":238,"column":57}}}},"branchMap":{"0":{"loc":{"start":{"line":114,"column":4},"end":{"line":117,"column":5}},"type":"if","locations":[{"start":{"line":114,"column":4},"end":{"line":117,"column":5}},{"start":{},"end":{}}]},"1":{"loc":{"start":{"line":124,"column":6},"end":{"line":134,"column":7}},"type":"if","locations":[{"start":{"line":124,"column":6},"end":{"line":134,"column":7}},{"start":{"line":126,"column":13},"end":{"line":134,"column":7}}]},"2":{"loc":{"start":{"line":125,"column":33},"end":{"line":125,"column":59}},"type":"binary-expr","locations":[{"start":{"line":125,"column":33},"end":{"line":125,"column":54}},{"start":{"line":125,"column":58},"end":{"line":125,"column":59}}]},"3":{"loc":{"start":{"line":151,"column":6},"end":{"line":155,"column":7}},"type":"if","locations":[{"start":{"line":151,"column":6},"end":{"line":155,"column":7}},{"start":{"line":153,"column":13},"end":{"line":155,"column":7}}]},"4":{"loc":{"start":{"line":152,"column":43},"end":{"line":152,"column":79}},"type":"binary-expr","locations":[{"start":{"line":152,"column":43},"end":{"line":152,"column":74}},{"start":{"line":152,"column":78},"end":{"line":152,"column":79}}]},"5":{"loc":{"start":{"line":202,"column":24},"end":{"line":202,"column":114}},"type":"cond-expr","locations":[{"start":{"line":202,"column":40},"end":{"line":202,"column":84}},{"start":{"line":202,"column":88},"end":{"line":202,"column":114}}]},"6":{"loc":{"start":{"line":202,"column":40},"end":{"line":202,"column":84}},"type":"cond-expr","locations":[{"start":{"line":202,"column":52},"end":{"line":202,"column":67}},{"start":{"line":202,"column":70},"end":{"line":202,"column":84}}]},"7":{"loc":{"start":{"line":207,"column":21},"end":{"line":207,"column":80}},"type":"cond-expr","locations":[{"start":{"line":207,"column":37},"end":{"line":207,"column":70}},{"start":{"line":207,"column":74},"end":{"line":207,"column":80}}]},"8":{"loc":{"start":{"line":207,"column":37},"end":{"line":207,"column":70}},"type":"cond-expr","locations":[{"start":{"line":207,"column":49},"end":{"line":207,"column":58}},{"start":{"line":207,"column":61},"end":{"line":207,"column":70}}]},"9":{"loc":{"start":{"line":210,"column":23},"end":{"line":210,"column":45}},"type":"cond-expr","locations":[{"start":{"line":210,"column":38},"end":{"line":210,"column":39}},{"start":{"line":210,"column":42},"end":{"line":210,"column":45}}]},"10":{"loc":{"start":{"line":211,"column":25},"end":{"line":214,"column":20}},"type":"cond-expr","locations":[{"start":{"line":211,"column":40},"end":{"line":214,"column":16}},{"start":{"line":214,"column":18},"end":{"line":214,"column":20}}]},"11":{"loc":{"start":{"line":220,"column":13},"end":{"line":220,"column":58}},"type":"cond-expr","locations":[{"start":{"line":220,"column":25},"end":{"line":220,"column":38}},{"start":{"line":220,"column":41},"end":{"line":220,"column":58}}]}},"s":{"0":0,"1":0,"2":0,"3":0,"4":0,"5":0,"6":0,"7":0,"8":0,"9":0,"10":0,"11":0,"12":0,"13":0,"14":0,"15":0,"16":0,"17":0,"18":0,"19":0,"20":0,"21":0,"22":0,"23":0,"24":0,"25":0,"26":0,"27":0,"28":0,"29":0,"30":0,"31":0,"32":0,"33":0,"34":0,"35":0,"36":0,"37":0,"38":0},"f":{"0":0,"1":0,"2":0,"3":0,"4":0,"5":0,"6":0,"7":0,"8":0,"9":0},"b":{"0":[0,0],"1":[0,0],"2":[0,0],"3":[0,0],"4":[0,0],"5":[0,0],"6":[0,0],"7":[0,0],"8":[0,0],"9":[0,0],"10":[0,0],"11":[0,0]}}
,"C:\\Users\\marcelo.farias\\Documents\\Projetos\\cavaleiros-das-trevas\\src\\components\\Screen30.tsx": {"path":"C:\\Users\\marcelo.farias\\Documents\\Projetos\\cavaleiros-das-trevas\\src\\components\\Screen30.tsx","statementMap":{"0":{"start":{"line":8,"column":15},"end":{"line":11,"column":2}},"1":{"start":{"line":13,"column":18},"end":{"line":28,"column":2}},"2":{"start":{"line":30,"column":17},"end":{"line":46,"column":2}},"3":{"start":{"line":48,"column":22},"end":{"line":56,"column":2}},"4":{"start":{"line":58,"column":21},"end":{"line":88,"column":2}},"5":{"start":{"line":94,"column":42},"end":{"line":162,"column":1}},"6":{"start":{"line":96,"column":50},"end":{"line":96,"column":67}},"7":{"start":{"line":98,"column":2},"end":{"line":161,"column":4}},"8":{"start":{"line":113,"column":14},"end":{"line":113,"column":27}},"9":{"start":{"line":150,"column":42},"end":{"line":150,"column":58}},"10":{"start":{"line":154,"column":42},"end":{"line":154,"column":58}}},"fnMap":{"0":{"name":"(anonymous_0)","decl":{"start":{"line":94,"column":42},"end":{"line":94,"column":43}},"loc":{"start":{"line":94,"column":63},"end":{"line":162,"column":1}}},"1":{"name":"(anonymous_1)","decl":{"start":{"line":111,"column":21},"end":{"line":111,"column":24}},"loc":{"start":{"line":111,"column":26},"end":{"line":114,"column":13}}},"2":{"name":"(anonymous_2)","decl":{"start":{"line":150,"column":36},"end":{"line":150,"column":39}},"loc":{"start":{"line":150,"column":42},"end":{"line":150,"column":58}}},"3":{"name":"(anonymous_3)","decl":{"start":{"line":154,"column":36},"end":{"line":154,"column":39}},"loc":{"start":{"line":154,"column":42},"end":{"line":154,"column":58}}}},"branchMap":{"0":{"loc":{"start":{"line":109,"column":24},"end":{"line":109,"column":114}},"type":"cond-expr","locations":[{"start":{"line":109,"column":40},"end":{"line":109,"column":84}},{"start":{"line":109,"column":88},"end":{"line":109,"column":114}}]},"1":{"loc":{"start":{"line":109,"column":40},"end":{"line":109,"column":84}},"type":"cond-expr","locations":[{"start":{"line":109,"column":52},"end":{"line":109,"column":67}},{"start":{"line":109,"column":70},"end":{"line":109,"column":84}}]},"2":{"loc":{"start":{"line":117,"column":21},"end":{"line":117,"column":80}},"type":"cond-expr","locations":[{"start":{"line":117,"column":37},"end":{"line":117,"column":70}},{"start":{"line":117,"column":74},"end":{"line":117,"column":80}}]},"3":{"loc":{"start":{"line":117,"column":37},"end":{"line":117,"column":70}},"type":"cond-expr","locations":[{"start":{"line":117,"column":49},"end":{"line":117,"column":58}},{"start":{"line":117,"column":61},"end":{"line":117,"column":70}}]},"4":{"loc":{"start":{"line":120,"column":23},"end":{"line":120,"column":45}},"type":"cond-expr","locations":[{"start":{"line":120,"column":38},"end":{"line":120,"column":39}},{"start":{"line":120,"column":42},"end":{"line":120,"column":45}}]},"5":{"loc":{"start":{"line":121,"column":25},"end":{"line":124,"column":20}},"type":"cond-expr","locations":[{"start":{"line":121,"column":40},"end":{"line":124,"column":16}},{"start":{"line":124,"column":18},"end":{"line":124,"column":20}}]},"6":{"loc":{"start":{"line":130,"column":13},"end":{"line":130,"column":58}},"type":"cond-expr","locations":[{"start":{"line":130,"column":25},"end":{"line":130,"column":38}},{"start":{"line":130,"column":41},"end":{"line":130,"column":58}}]}},"s":{"0":0,"1":0,"2":0,"3":0,"4":0,"5":0,"6":0,"7":0,"8":0,"9":0,"10":0},"f":{"0":0,"1":0,"2":0,"3":0},"b":{"0":[0,0],"1":[0,0],"2":[0,0],"3":[0,0],"4":[0,0],"5":[0,0],"6":[0,0]}}
,"C:\\Users\\marcelo.farias\\Documents\\Projetos\\cavaleiros-das-trevas\\src\\components\\Screen43.tsx": {"path":"C:\\Users\\marcelo.farias\\Documents\\Projetos\\cavaleiros-das-trevas\\src\\components\\Screen43.tsx","statementMap":{"0":{"start":{"line":11,"column":15},"end":{"line":14,"column":2}},"1":{"start":{"line":16,"column":18},"end":{"line":31,"column":2}},"2":{"start":{"line":33,"column":17},"end":{"line":49,"column":2}},"3":{"start":{"line":51,"column":22},"end":{"line":59,"column":2}},"4":{"start":{"line":61,"column":21},"end":{"line":91,"column":2}},"5":{"start":{"line":101,"column":42},"end":{"line":200,"column":1}},"6":{"start":{"line":103,"column":50},"end":{"line":103,"column":67}},"7":{"start":{"line":106,"column":46},"end":{"line":106,"column":61}},"8":{"start":{"line":107,"column":46},"end":{"line":107,"column":57}},"9":{"start":{"line":110,"column":2},"end":{"line":132,"column":9}},"10":{"start":{"line":112,"column":4},"end":{"line":131,"column":5}},"11":{"start":{"line":113,"column":29},"end":{"line":113,"column":77}},"12":{"start":{"line":114,"column":6},"end":{"line":128,"column":7}},"13":{"start":{"line":115,"column":30},"end":{"line":115,"column":54}},"14":{"start":{"line":116,"column":8},"end":{"line":116,"column":41}},"15":{"start":{"line":117,"column":8},"end":{"line":117,"column":86}},"16":{"start":{"line":120,"column":8},"end":{"line":120,"column":63}},"17":{"start":{"line":123,"column":8},"end":{"line":127,"column":16}},"18":{"start":{"line":124,"column":10},"end":{"line":124,"column":34}},"19":{"start":{"line":126,"column":10},"end":{"line":126,"column":59}},"20":{"start":{"line":126,"column":27},"end":{"line":126,"column":51}},"21":{"start":{"line":130,"column":6},"end":{"line":130,"column":72}},"22":{"start":{"line":134,"column":2},"end":{"line":199,"column":4}},"23":{"start":{"line":180,"column":41},"end":{"line":180,"column":58}},"24":{"start":{"line":185,"column":14},"end":{"line":190,"column":15}},"25":{"start":{"line":186,"column":16},"end":{"line":186,"column":71}},"26":{"start":{"line":187,"column":16},"end":{"line":187,"column":92}},"27":{"start":{"line":189,"column":16},"end":{"line":189,"column":76}},"28":{"start":{"line":191,"column":14},"end":{"line":191,"column":32}}},"fnMap":{"0":{"name":"(anonymous_0)","decl":{"start":{"line":101,"column":42},"end":{"line":101,"column":43}},"loc":{"start":{"line":101,"column":63},"end":{"line":200,"column":1}}},"1":{"name":"(anonymous_1)","decl":{"start":{"line":110,"column":12},"end":{"line":110,"column":15}},"loc":{"start":{"line":110,"column":17},"end":{"line":132,"column":3}}},"2":{"name":"(anonymous_2)","decl":{"start":{"line":123,"column":19},"end":{"line":123,"column":22}},"loc":{"start":{"line":123,"column":24},"end":{"line":127,"column":9}}},"3":{"name":"(anonymous_3)","decl":{"start":{"line":126,"column":21},"end":{"line":126,"column":24}},"loc":{"start":{"line":126,"column":27},"end":{"line":126,"column":51}}},"4":{"name":"(anonymous_4)","decl":{"start":{"line":180,"column":35},"end":{"line":180,"column":38}},"loc":{"start":{"line":180,"column":41},"end":{"line":180,"column":58}}},"5":{"name":"(anonymous_5)","decl":{"start":{"line":183,"column":35},"end":{"line":183,"column":38}},"loc":{"start":{"line":183,"column":40},"end":{"line":192,"column":13}}}},"branchMap":{"0":{"loc":{"start":{"line":114,"column":6},"end":{"line":128,"column":7}},"type":"if","locations":[{"start":{"line":114,"column":6},"end":{"line":128,"column":7}},{"start":{},"end":{}}]},"1":{"loc":{"start":{"line":138,"column":12},"end":{"line":138,"column":110}},"type":"cond-expr","locations":[{"start":{"line":138,"column":33},"end":{"line":138,"column":79}},{"start":{"line":138,"column":82},"end":{"line":138,"column":110}}]},"2":{"loc":{"start":{"line":150,"column":24},"end":{"line":150,"column":114}},"type":"cond-expr","locations":[{"start":{"line":150,"column":40},"end":{"line":150,"column":84}},{"start":{"line":150,"column":88},"end":{"line":150,"column":114}}]},"3":{"loc":{"start":{"line":150,"column":40},"end":{"line":150,"column":84}},"type":"cond-expr","locations":[{"start":{"line":150,"column":52},"end":{"line":150,"column":67}},{"start":{"line":150,"column":70},"end":{"line":150,"column":84}}]},"4":{"loc":{"start":{"line":155,"column":21},"end":{"line":155,"column":80}},"type":"cond-expr","locations":[{"start":{"line":155,"column":37},"end":{"line":155,"column":70}},{"start":{"line":155,"column":74},"end":{"line":155,"column":80}}]},"5":{"loc":{"start":{"line":155,"column":37},"end":{"line":155,"column":70}},"type":"cond-expr","locations":[{"start":{"line":155,"column":49},"end":{"line":155,"column":58}},{"start":{"line":155,"column":61},"end":{"line":155,"column":70}}]},"6":{"loc":{"start":{"line":158,"column":23},"end":{"line":158,"column":45}},"type":"cond-expr","locations":[{"start":{"line":158,"column":38},"end":{"line":158,"column":39}},{"start":{"line":158,"column":42},"end":{"line":158,"column":45}}]},"7":{"loc":{"start":{"line":159,"column":25},"end":{"line":162,"column":20}},"type":"cond-expr","locations":[{"start":{"line":159,"column":40},"end":{"line":162,"column":16}},{"start":{"line":162,"column":18},"end":{"line":162,"column":20}}]},"8":{"loc":{"start":{"line":168,"column":13},"end":{"line":168,"column":58}},"type":"cond-expr","locations":[{"start":{"line":168,"column":25},"end":{"line":168,"column":38}},{"start":{"line":168,"column":41},"end":{"line":168,"column":58}}]}},"s":{"0":0,"1":0,"2":0,"3":0,"4":0,"5":0,"6":0,"7":0,"8":0,"9":0,"10":0,"11":0,"12":0,"13":0,"14":0,"15":0,"16":0,"17":0,"18":0,"19":0,"20":0,"21":0,"22":0,"23":0,"24":0,"25":0,"26":0,"27":0,"28":0},"f":{"0":0,"1":0,"2":0,"3":0,"4":0,"5":0},"b":{"0":[0,0],"1":[0,0],"2":[0,0],"3":[0,0],"4":[0,0],"5":[0,0],"6":[0,0],"7":[0,0],"8":[0,0]}}
[...]
,"C:\\Users\\marcelo.farias\\Documents\\Projetos\\cavaleiros-das-trevas\\src\\hooks\\useNotification.ts": {"path":"C:\\Users\\marcelo.farias\\Documents\\Projetos\\cavaleiros-das-trevas\\src\\hooks\\useNotification.ts","statementMap":{"0":{"start":{"line":12,"column":31},"end":{"line":47,"column":1}},"1":{"start":{"line":13,"column":42},"end":{"line":17,"column":4}},"2":{"start":{"line":19,"column":27},"end":{"line":25,"column":8}},"3":{"start":{"line":20,"column":4},"end":{"line":24,"column":7}},"4":{"start":{"line":27,"column":27},"end":{"line":29,"column":8}},"5":{"start":{"line":28,"column":4},"end":{"line":28,"column":56}},"6":{"start":{"line":28,"column":29},"end":{"line":28,"column":53}},"7":{"start":{"line":32,"column":2},"end":{"line":40,"column":44}},"8":{"start":{"line":33,"column":4},"end":{"line":39,"column":5}},"9":{"start":{"line":34,"column":20},"end":{"line":36,"column":46}},"10":{"start":{"line":35,"column":8},"end":{"line":35,"column":27}},"11":{"start":{"line":38,"column":6},"end":{"line":38,"column":39}},"12":{"start":{"line":38,"column":19},"end":{"line":38,"column":38}},"13":{"start":{"line":42,"column":2},"end":{"line":46,"column":4}}},"fnMap":{"0":{"name":"(anonymous_0)","decl":{"start":{"line":12,"column":31},"end":{"line":12,"column":34}},"loc":{"start":{"line":12,"column":36},"end":{"line":47,"column":1}}},"1":{"name":"(anonymous_1)","decl":{"start":{"line":19,"column":39},"end":{"line":19,"column":40}},"loc":{"start":{"line":19,"column":103},"end":{"line":25,"column":3}}},"2":{"name":"(anonymous_2)","decl":{"start":{"line":27,"column":39},"end":{"line":27,"column":42}},"loc":{"start":{"line":27,"column":44},"end":{"line":29,"column":3}}},"3":{"name":"(anonymous_3)","decl":{"start":{"line":28,"column":20},"end":{"line":28,"column":24}},"loc":{"start":{"line":28,"column":29},"end":{"line":28,"column":53}}},"4":{"name":"(anonymous_4)","decl":{"start":{"line":32,"column":12},"end":{"line":32,"column":15}},"loc":{"start":{"line":32,"column":17},"end":{"line":40,"column":3}}},"5":{"name":"(anonymous_5)","decl":{"start":{"line":34,"column":31},"end":{"line":34,"column":34}},"loc":{"start":{"line":34,"column":36},"end":{"line":36,"column":7}}},"6":{"name":"(anonymous_6)","decl":{"start":{"line":38,"column":13},"end":{"line":38,"column":16}},"loc":{"start":{"line":38,"column":19},"end":{"line":38,"column":38}}}},"branchMap":{"0":{"loc":{"start":{"line":19,"column":57},"end":{"line":19,"column":99}},"type":"default-arg","locations":[{"start":{"line":19,"column":90},"end":{"line":19,"column":99}}]},"1":{"loc":{"start":{"line":33,"column":4},"end":{"line":39,"column":5}},"type":"if","locations":[{"start":{"line":33,"column":4},"end":{"line":39,"column":5}},{"start":{},"end":{}}]}},"s":{"0":0,"1":0,"2":0,"3":0,"4":0,"5":0,"6":0,"7":0,"8":0,"9":0,"10":0,"11":0,"12":0,"13":0},"f":{"0":0,"1":0,"2":0,"3":0,"4":0,"5":0,"6":0},"b":{"0":[0],"1":[0,0]}}
,"C:\\Users\\marcelo.farias\\Documents\\Projetos\\cavaleiros-das-trevas\\src\\types\\index.ts": {"path":"C:\\Users\\marcelo.farias\\Documents\\Projetos\\cavaleiros-das-trevas\\src\\types\\index.ts","statementMap":{"0":{"start":{"line":56,"column":27},"end":{"line":105,"column":11}},"1":{"start":{"line":107,"column":32},"end":{"line":135,"column":2}},"2":{"start":{"line":107,"column":46},"end":{"line":135,"column":2}},"3":{"start":{"line":138,"column":37},"end":{"line":158,"column":2}},"4":{"start":{"line":138,"column":51},"end":{"line":158,"column":2}}},"fnMap":{"0":{"name":"(anonymous_0)","decl":{"start":{"line":107,"column":32},"end":{"line":107,"column":42}},"loc":{"start":{"line":107,"column":46},"end":{"line":135,"column":2}}},"1":{"name":"(anonymous_1)","decl":{"start":{"line":138,"column":37},"end":{"line":138,"column":47}},"loc":{"start":{"line":138,"column":51},"end":{"line":158,"column":2}}}},"branchMap":{},"s":{"0":0,"1":0,"2":0,"3":0,"4":0},"f":{"0":0,"1":0},"b":{}}
,"C:\\Users\\marcelo.farias\\Documents\\Projetos\\cavaleiros-das-trevas\\src\\utils\\inventory.ts": {"path":"C:\\Users\\marcelo.farias\\Documents\\Projetos\\cavaleiros-das-trevas\\src\\utils\\inventory.ts","statementMap":{"0":{"start":{"line":6,"column":29},"end":{"line":38,"column":1}},"1":{"start":{"line":7,"column":25},"end":{"line":10,"column":4}},"2":{"start":{"line":13,"column":2},"end":{"line":23,"column":3}},"3":{"start":{"line":14,"column":26},"end":{"line":14,"column":69}},"4":{"start":{"line":14,"column":48},"end":{"line":14,"column":68}},"5":{"start":{"line":15,"column":4},"end":{"line":22,"column":5}},"6":{"start":{"line":16,"column":24},"end":{"line":19,"column":null}},"7":{"start":{"line":17,"column":8},"end":{"line":19,"column":13}},"8":{"start":{"line":21,"column":6},"end":{"line":21,"column":44}},"9":{"start":{"line":26,"column":2},"end":{"line":32,"column":3}},"10":{"start":{"line":27,"column":22},"end":{"line":27,"column":67}},"11":{"start":{"line":27,"column":46},"end":{"line":27,"column":66}},"12":{"start":{"line":28,"column":4},"end":{"line":31,"column":6}},"13":{"start":{"line":34,"column":2},"end":{"line":37,"column":4}},"14":{"start":{"line":6,"column":13},"end":{"line":6,"column":29}},"15":{"start":{"line":43,"column":27},"end":{"line":48,"column":1}},"16":{"start":{"line":44,"column":2},"end":{"line":47,"column":4}},"17":{"start":{"line":46,"column":38},"end":{"line":46,"column":56}},"18":{"start":{"line":43,"column":13},"end":{"line":43,"column":27}},"19":{"start":{"line":53,"column":35},"end":{"line":66,"column":1}},"20":{"start":{"line":54,"column":2},"end":{"line":56,"column":3}},"21":{"start":{"line":55,"column":4},"end":{"line":55,"column":38}},"22":{"start":{"line":58,"column":2},"end":{"line":65,"column":4}},"23":{"start":{"line":61,"column":6},"end":{"line":63,"column":14}},"24":{"start":{"line":53,"column":13},"end":{"line":53,"column":35}},"25":{"start":{"line":71,"column":34},"end":{"line":73,"column":1}},"26":{"start":{"line":72,"column":2},"end":{"line":72,"column":56}},"27":{"start":{"line":72,"column":36},"end":{"line":72,"column":54}},"28":{"start":{"line":71,"column":13},"end":{"line":71,"column":34}},"29":{"start":{"line":78,"column":33},"end":{"line":80,"column":1}},"30":{"start":{"line":79,"column":2},"end":{"line":79,"column":82}},"31":{"start":{"line":79,"column":34},"end":{"line":79,"column":80}},"32":{"start":{"line":78,"column":13},"end":{"line":78,"column":33}},"33":{"start":{"line":85,"column":25},"end":{"line":89,"column":1}},"34":{"start":{"line":86,"column":2},"end":{"line":88,"column":64}},"35":{"start":{"line":87,"column":20},"end":{"line":87,"column":40}},"36":{"start":{"line":88,"column":29},"end":{"line":88,"column":59}},"37":{"start":{"line":85,"column":13},"end":{"line":85,"column":25}},"38":{"start":{"line":94,"column":30},"end":{"line":98,"column":1}},"39":{"start":{"line":95,"column":2},"end":{"line":97,"column":64}},"40":{"start":{"line":96,"column":20},"end":{"line":96,"column":44}},"41":{"start":{"line":97,"column":29},"end":{"line":97,"column":59}},"42":{"start":{"line":94,"column":13},"end":{"line":94,"column":30}},"43":{"start":{"line":104,"column":37},"end":{"line":126,"column":1}},"44":{"start":{"line":105,"column":16},"end":{"line":105,"column":64}},"45":{"start":{"line":105,"column":43},"end":{"line":105,"column":63}},"46":{"start":{"line":107,"column":2},"end":{"line":109,"column":3}},"47":{"start":{"line":108,"column":4},"end":{"line":108,"column":17}},"48":{"start":{"line":112,"column":26},"end":{"line":116,"column":4}},"49":{"start":{"line":113,"column":27},"end":{"line":113,"column":63}},"50":{"start":{"line":114,"column":33},"end":{"line":114,"column":76}},"51":{"start":{"line":115,"column":4},"end":{"line":115,"column":70}},"52":{"start":{"line":119,"column":20},"end":{"line":119,"column":68}},"53":{"start":{"line":119,"column":47},"end":{"line":119,"column":67}},"54":{"start":{"line":120,"column":2},"end":{"line":120,"column":34}},"55":{"start":{"line":122,"column":2},"end":{"line":125,"column":4}},"56":{"start":{"line":104,"column":13},"end":{"line":104,"column":37}},"57":{"start":{"line":132,"column":28},"end":{"line":153,"column":1}},"58":{"start":{"line":133,"column":23},"end":{"line":133,"column":35}},"59":{"start":{"line":136,"column":2},"end":{"line":136,"column":57}},"60":{"start":{"line":139,"column":20},"end":{"line":139,"column":81}},"61":{"start":{"line":139,"column":56},"end":{"line":139,"column":80}},"62":{"start":{"line":140,"column":2},"end":{"line":150,"column":3}},"63":{"start":{"line":141,"column":32},"end":{"line":145,"column":6}},"64":{"start":{"line":142,"column":29},"end":{"line":142,"column":69}},"65":{"start":{"line":143,"column":35},"end":{"line":143,"column":78}},"66":{"start":{"line":144,"column":6},"end":{"line":144,"column":76}},"67":{"start":{"line":147,"column":22},"end":{"line":147,"column":83}},"68":{"start":{"line":147,"column":58},"end":{"line":147,"column":82}},"69":{"start":{"line":148,"column":4},"end":{"line":148,"column":40}},"70":{"start":{"line":149,"column":4},"end":{"line":149,"column":61}},"71":{"start":{"line":152,"column":2},"end":{"line":152,"column":24}},"72":{"start":{"line":132,"column":13},"end":{"line":132,"column":28}},"73":{"start":{"line":158,"column":13},"end":{"line":184,"column":2}}},"fnMap":{"0":{"name":"(anonymous_0)","decl":{"start":{"line":6,"column":29},"end":{"line":6,"column":30}},"loc":{"start":{"line":6,"column":77},"end":{"line":38,"column":1}}},"1":{"name":"(anonymous_1)","decl":{"start":{"line":14,"column":43},"end":{"line":14,"column":44}},"loc":{"start":{"line":14,"column":48},"end":{"line":14,"column":68}}},"2":{"name":"(anonymous_2)","decl":{"start":{"line":16,"column":40},"end":{"line":16,"column":41}},"loc":{"start":{"line":17,"column":8},"end":{"line":19,"column":13}}},"3":{"name":"(anonymous_3)","decl":{"start":{"line":27,"column":41},"end":{"line":27,"column":42}},"loc":{"start":{"line":27,"column":46},"end":{"line":27,"column":66}}},"4":{"name":"(anonymous_4)","decl":{"start":{"line":43,"column":27},"end":{"line":43,"column":28}},"loc":{"start":{"line":43,"column":67},"end":{"line":48,"column":1}}},"5":{"name":"(anonymous_5)","decl":{"start":{"line":46,"column":30},"end":{"line":46,"column":34}},"loc":{"start":{"line":46,"column":38},"end":{"line":46,"column":56}}},"6":{"name":"(anonymous_6)","decl":{"start":{"line":53,"column":35},"end":{"line":53,"column":36}},"loc":{"start":{"line":53,"column":99},"end":{"line":66,"column":1}}},"7":{"name":"(anonymous_7)","decl":{"start":{"line":60,"column":27},"end":{"line":60,"column":31}},"loc":{"start":{"line":61,"column":6},"end":{"line":63,"column":14}}},"8":{"name":"(anonymous_8)","decl":{"start":{"line":71,"column":34},"end":{"line":71,"column":35}},"loc":{"start":{"line":71,"column":79},"end":{"line":73,"column":1}}},"9":{"name":"(anonymous_9)","decl":{"start":{"line":72,"column":28},"end":{"line":72,"column":32}},"loc":{"start":{"line":72,"column":36},"end":{"line":72,"column":54}}},"10":{"name":"(anonymous_10)","decl":{"start":{"line":78,"column":33},"end":{"line":78,"column":34}},"loc":{"start":{"line":78,"column":82},"end":{"line":80,"column":1}}},"11":{"name":"(anonymous_11)","decl":{"start":{"line":79,"column":26},"end":{"line":79,"column":30}},"loc":{"start":{"line":79,"column":34},"end":{"line":79,"column":80}}},"12":{"name":"(anonymous_12)","decl":{"start":{"line":85,"column":25},"end":{"line":85,"column":26}},"loc":{"start":{"line":85,"column":50},"end":{"line":89,"column":1}}},"13":{"name":"(anonymous_13)","decl":{"start":{"line":87,"column":12},"end":{"line":87,"column":16}},"loc":{"start":{"line":87,"column":20},"end":{"line":87,"column":40}}},"14":{"name":"(anonymous_14)","decl":{"start":{"line":88,"column":12},"end":{"line":88,"column":13}},"loc":{"start":{"line":88,"column":29},"end":{"line":88,"column":59}}},"15":{"name":"(anonymous_15)","decl":{"start":{"line":94,"column":30},"end":{"line":94,"column":31}},"loc":{"start":{"line":94,"column":55},"end":{"line":98,"column":1}}},"16":{"name":"(anonymous_16)","decl":{"start":{"line":96,"column":12},"end":{"line":96,"column":16}},"loc":{"start":{"line":96,"column":20},"end":{"line":96,"column":44}}},"17":{"name":"(anonymous_17)","decl":{"start":{"line":97,"column":12},"end":{"line":97,"column":13}},"loc":{"start":{"line":97,"column":29},"end":{"line":97,"column":59}}},"18":{"name":"(anonymous_18)","decl":{"start":{"line":104,"column":37},"end":{"line":104,"column":38}},"loc":{"start":{"line":104,"column":61},"end":{"line":126,"column":1}}},"19":{"name":"(anonymous_19)","decl":{"start":{"line":105,"column":35},"end":{"line":105,"column":39}},"loc":{"start":{"line":105,"column":43},"end":{"line":105,"column":63}}},"20":{"name":"(anonymous_20)","decl":{"start":{"line":112,"column":39},"end":{"line":112,"column":40}},"loc":{"start":{"line":112,"column":61},"end":{"line":116,"column":3}}},"21":{"name":"(anonymous_21)","decl":{"start":{"line":119,"column":39},"end":{"line":119,"column":43}},"loc":{"start":{"line":119,"column":47},"end":{"line":119,"column":67}}},"22":{"name":"(anonymous_22)","decl":{"start":{"line":132,"column":28},"end":{"line":132,"column":29}},"loc":{"start":{"line":132,"column":52},"end":{"line":153,"column":1}}},"23":{"name":"(anonymous_23)","decl":{"start":{"line":139,"column":48},"end":{"line":139,"column":52}},"loc":{"start":{"line":139,"column":56},"end":{"line":139,"column":80}}},"24":{"name":"(anonymous_24)","decl":{"start":{"line":141,"column":49},"end":{"line":141,"column":50}},"loc":{"start":{"line":141,"column":75},"end":{"line":145,"column":5}}},"25":{"name":"(anonymous_25)","decl":{"start":{"line":147,"column":50},"end":{"line":147,"column":54}},"loc":{"start":{"line":147,"column":58},"end":{"line":147,"column":82}}}},"branchMap":{"0":{"loc":{"start":{"line":13,"column":2},"end":{"line":23,"column":3}},"type":"if","locations":[{"start":{"line":13,"column":2},"end":{"line":23,"column":3}},{"start":{},"end":{}}]},"1":{"loc":{"start":{"line":13,"column":6},"end":{"line":13,"column":54}},"type":"binary-expr","locations":[{"start":{"line":13,"column":6},"end":{"line":13,"column":26}},{"start":{"line":13,"column":30},"end":{"line":13,"column":54}}]},"2":{"loc":{"start":{"line":15,"column":4},"end":{"line":22,"column":5}},"type":"if","locations":[{"start":{"line":15,"column":4},"end":{"line":22,"column":5}},{"start":{},"end":{}}]},"3":{"loc":{"start":{"line":17,"column":8},"end":{"line":19,"column":13}},"type":"cond-expr","locations":[{"start":{"line":18,"column":12},"end":{"line":18,"column":78}},{"start":{"line":19,"column":12},"end":{"line":19,"column":13}}]},"4":{"loc":{"start":{"line":18,"column":33},"end":{"line":18,"column":50}},"type":"binary-expr","locations":[{"start":{"line":18,"column":33},"end":{"line":18,"column":45}},{"start":{"line":18,"column":49},"end":{"line":18,"column":50}}]},"5":{"loc":{"start":{"line":18,"column":55},"end":{"line":18,"column":75}},"type":"binary-expr","locations":[{"start":{"line":18,"column":55},"end":{"line":18,"column":70}},{"start":{"line":18,"column":74},"end":{"line":18,"column":75}}]},"6":{"loc":{"start":{"line":26,"column":2},"end":{"line":32,"column":3}},"type":"if","locations":[{"start":{"line":26,"column":2},"end":{"line":32,"column":3}},{"start":{},"end":{}}]},"7":{"loc":{"start":{"line":26,"column":6},"end":{"line":26,"column":54}},"type":"binary-expr","locations":[{"start":{"line":26,"column":6},"end":{"line":26,"column":26}},{"start":{"line":26,"column":30},"end":{"line":26,"column":54}}]},"8":{"loc":{"start":{"line":54,"column":2},"end":{"line":56,"column":3}},"type":"if","locations":[{"start":{"line":54,"column":2},"end":{"line":56,"column":3}},{"start":{},"end":{}}]},"9":{"loc":{"start":{"line":61,"column":6},"end":{"line":63,"column":14}},"type":"cond-expr","locations":[{"start":{"line":62,"column":10},"end":{"line":62,"column":49}},{"start":{"line":63,"column":10},"end":{"line":63,"column":14}}]},"10":{"loc":{"start":{"line":88,"column":38},"end":{"line":88,"column":58}},"type":"binary-expr","locations":[{"start":{"line":88,"column":38},"end":{"line":88,"column":53}},{"start":{"line":88,"column":57},"end":{"line":88,"column":58}}]},"11":{"loc":{"start":{"line":97,"column":38},"end":{"line":97,"column":58}},"type":"binary-expr","locations":[{"start":{"line":97,"column":38},"end":{"line":97,"column":53}},{"start":{"line":97,"column":57},"end":{"line":97,"column":58}}]},"12":{"loc":{"start":{"line":107,"column":2},"end":{"line":109,"column":3}},"type":"if","locations":[{"start":{"line":107,"column":2},"end":{"line":109,"column":3}},{"start":{},"end":{}}]},"13":{"loc":{"start":{"line":113,"column":27},"end":{"line":113,"column":63}},"type":"binary-expr","locations":[{"start":{"line":113,"column":27},"end":{"line":113,"column":58}},{"start":{"line":113,"column":62},"end":{"line":113,"column":63}}]},"14":{"loc":{"start":{"line":114,"column":33},"end":{"line":114,"column":76}},"type":"binary-expr","locations":[{"start":{"line":114,"column":33},"end":{"line":114,"column":71}},{"start":{"line":114,"column":75},"end":{"line":114,"column":76}}]},"15":{"loc":{"start":{"line":115,"column":11},"end":{"line":115,"column":69}},"type":"cond-expr","locations":[{"start":{"line":115,"column":51},"end":{"line":115,"column":55}},{"start":{"line":115,"column":58},"end":{"line":115,"column":69}}]},"16":{"loc":{"start":{"line":140,"column":2},"end":{"line":150,"column":3}},"type":"if","locations":[{"start":{"line":140,"column":2},"end":{"line":150,"column":3}},{"start":{},"end":{}}]},"17":{"loc":{"start":{"line":142,"column":29},"end":{"line":142,"column":69}},"type":"binary-expr","locations":[{"start":{"line":142,"column":29},"end":{"line":142,"column":64}},{"start":{"line":142,"column":68},"end":{"line":142,"column":69}}]},"18":{"loc":{"start":{"line":143,"column":35},"end":{"line":143,"column":78}},"type":"binary-expr","locations":[{"start":{"line":143,"column":35},"end":{"line":143,"column":73}},{"start":{"line":143,"column":77},"end":{"line":143,"column":78}}]},"19":{"loc":{"start":{"line":144,"column":13},"end":{"line":144,"column":75}},"type":"cond-expr","locations":[{"start":{"line":144,"column":53},"end":{"line":144,"column":61}},{"start":{"line":144,"column":64},"end":{"line":144,"column":75}}]}},"s":{"0":2,"1":26,"2":26,"3":7,"4":2,"5":7,"6":1,"7":1,"8":1,"9":25,"10":13,"11":4,"12":13,"13":12,"14":2,"15":2,"16":2,"17":1,"18":2,"19":2,"20":0,"21":0,"22":0,"23":0,"24":2,"25":2,"26":0,"27":0,"28":2,"29":2,"30":0,"31":0,"32":2,"33":2,"34":6,"35":6,"36":5,"37":2,"38":2,"39":0,"40":0,"41":0,"42":2,"43":2,"44":5,"45":5,"46":5,"47":3,"48":2,"49":2,"50":2,"51":2,"52":2,"53":4,"54":2,"55":2,"56":2,"57":2,"58":2,"59":2,"60":2,"61":1,"62":2,"63":0,"64":0,"65":0,"66":0,"67":0,"68":0,"69":0,"70":0,"71":2,"72":2,"73":2},"f":{"0":26,"1":2,"2":1,"3":4,"4":2,"5":1,"6":0,"7":0,"8":0,"9":0,"10":0,"11":0,"12":6,"13":6,"14":5,"15":0,"16":0,"17":0,"18":5,"19":5,"20":2,"21":4,"22":2,"23":1,"24":0,"25":0},"b":{"0":[7,19],"1":[26,22],"2":[1,6],"3":[1,0],"4":[1,0],"5":[1,0],"6":[13,12],"7":[25,13],"8":[0,0],"9":[0,0],"10":[5,0],"11":[0,0],"12":[3,2],"13":[2,0],"14":[2,0],"15":[2,0],"16":[0,2],"17":[0,0],"18":[0,0],"19":[0,0]}}
}
