TN:
SF:src\GamePath\ScreenRouter.tsx
FN:24,(anonymous_0)
FN:38,(anonymous_1)
FN:130,(anonymous_2)
FNF:3
FNH:0
FNDA:0,(anonymous_0)
FNDA:0,(anonymous_1)
FNDA:0,(anonymous_2)
DA:24,0
DA:25,0
DA:26,0
DA:27,0
DA:32,0
DA:33,0
DA:34,0
DA:35,0
DA:38,0
DA:39,0
DA:40,0
DA:43,0
DA:44,0
DA:53,0
DA:54,0
DA:63,0
DA:64,0
DA:69,0
DA:70,0
DA:75,0
DA:76,0
DA:81,0
DA:82,0
DA:87,0
DA:88,0
DA:93,0
DA:94,0
DA:99,0
DA:100,0
DA:105,0
DA:106,0
DA:111,0
DA:112,0
DA:121,0
DA:122,0
DA:127,0
DA:130,0
LF:37
LH:0
BRDA:32,0,0,0
BRDA:32,0,1,0
BRDA:32,1,0,0
BRDA:32,1,1,0
BRDA:32,1,2,0
BRDA:43,2,0,0
BRDA:43,2,1,0
BRDA:53,3,0,0
BRDA:53,3,1,0
BRDA:63,4,0,0
BRDA:63,4,1,0
BRDA:69,5,0,0
BRDA:69,5,1,0
BRDA:75,6,0,0
BRDA:75,6,1,0
BRDA:81,7,0,0
BRDA:81,7,1,0
BRDA:87,8,0,0
BRDA:87,8,1,0
BRDA:93,9,0,0
BRDA:93,9,1,0
BRDA:99,10,0,0
BRDA:99,10,1,0
BRDA:105,11,0,0
BRDA:105,11,1,0
BRDA:111,12,0,0
BRDA:111,12,1,0
BRDA:121,13,0,0
BRDA:121,13,1,0
BRF:29
BRH:0
end_of_record
TN:
SF:src\components\AudioControls.tsx
FN:13,(anonymous_0)
FN:25,(anonymous_1)
FN:115,(anonymous_2)
FN:119,(anonymous_3)
FNF:4
FNH:0
FNDA:0,(anonymous_0)
FNDA:0,(anonymous_1)
FNDA:0,(anonymous_2)
FNDA:0,(anonymous_3)
DA:13,0
DA:22,0
DA:25,0
DA:26,0
DA:27,0
DA:30,0
DA:116,0
DA:117,0
DA:120,0
DA:121,0
LF:10
LH:0
BRDA:48,0,0,0
BRDA:48,0,1,0
BRDA:52,1,0,0
BRDA:52,1,1,0
BRDA:58,2,0,0
BRDA:58,2,1,0
BRDA:63,3,0,0
BRDA:63,3,1,0
BRDA:83,4,0,0
BRDA:83,4,1,0
BRDA:87,5,0,0
BRDA:87,5,1,0
BRDA:94,6,0,0
BRDA:94,6,1,0
BRDA:104,7,0,0
BRDA:104,7,1,0
BRF:16
BRH:0
end_of_record
TN:
SF:src\components\InventoryModal.tsx
FN:21,(anonymous_0)
FN:150,TabPanel
FN:174,(anonymous_2)
FN:177,(anonymous_3)
FN:182,(anonymous_4)
FN:188,(anonymous_5)
FN:194,(anonymous_6)
FN:196,(anonymous_7)
FN:197,(anonymous_8)
FN:198,(anonymous_9)
FN:199,(anonymous_10)
FN:200,(anonymous_11)
FN:207,(anonymous_12)
FN:211,(anonymous_13)
FN:225,(anonymous_14)
FN:289,(anonymous_15)
FN:335,(anonymous_16)
FN:372,(anonymous_17)
FNF:18
FNH:0
FNDA:0,(anonymous_0)
FNDA:0,TabPanel
FNDA:0,(anonymous_2)
FNDA:0,(anonymous_3)
FNDA:0,(anonymous_4)
FNDA:0,(anonymous_5)
FNDA:0,(anonymous_6)
FNDA:0,(anonymous_7)
FNDA:0,(anonymous_8)
FNDA:0,(anonymous_9)
FNDA:0,(anonymous_10)
FNDA:0,(anonymous_11)
FNDA:0,(anonymous_12)
FNDA:0,(anonymous_13)
FNDA:0,(anonymous_14)
FNDA:0,(anonymous_15)
FNDA:0,(anonymous_16)
FNDA:0,(anonymous_17)
DA:21,0
DA:35,0
DA:51,0
DA:74,0
DA:87,0
DA:101,0
DA:111,0
DA:118,0
DA:128,0
DA:151,0
DA:174,0
DA:175,0
DA:177,0
DA:178,0
DA:182,0
DA:183,0
DA:184,0
DA:185,0
DA:188,0
DA:189,0
DA:190,0
DA:194,0
DA:195,0
DA:196,0
DA:197,0
DA:198,0
DA:199,0
DA:200,0
DA:204,0
DA:207,0
DA:208,0
DA:211,0
DA:212,0
DA:213,0
DA:225,0
DA:226,0
DA:290,0
DA:291,0
DA:295,0
DA:335,0
DA:347,0
DA:373,0
DA:374,0
DA:375,0
DA:376,0
LF:45
LH:0
BRDA:158,0,0,0
BRDA:158,0,1,0
BRDA:183,1,0,0
BRDA:183,1,1,0
BRDA:208,2,0,0
BRDA:208,2,1,0
BRDA:212,3,0,0
BRDA:212,3,1,0
BRDA:240,4,0,0
BRDA:240,4,1,0
BRDA:252,5,0,0
BRDA:252,5,1,0
BRDA:267,6,0,0
BRDA:267,6,1,0
BRDA:270,7,0,0
BRDA:270,7,1,0
BRDA:280,8,0,0
BRDA:280,8,1,0
BRDA:281,9,0,0
BRDA:281,9,1,0
BRDA:287,10,0,0
BRDA:287,10,1,0
BRDA:290,11,0,0
BRDA:290,11,1,0
BRDA:291,12,0,0
BRDA:291,12,1,0
BRDA:292,13,0,0
BRDA:292,13,1,0
BRDA:293,14,0,0
BRDA:293,14,1,0
BRDA:294,15,0,0
BRDA:294,15,1,0
BRDA:300,16,0,0
BRDA:300,16,1,0
BRDA:305,17,0,0
BRDA:305,17,1,0
BRDA:313,18,0,0
BRDA:313,18,1,0
BRDA:323,19,0,0
BRDA:323,19,1,0
BRDA:333,20,0,0
BRDA:333,20,1,0
BRDA:375,21,0,0
BRDA:375,21,1,0
BRDA:413,22,0,0
BRDA:413,22,1,0
BRDA:415,23,0,0
BRDA:415,23,1,0
BRDA:420,24,0,0
BRDA:420,24,1,0
BRF:50
BRH:0
end_of_record
TN:
SF:src\components\PreparationScreen.tsx
FN:210,(anonymous_0)
FN:219,(anonymous_1)
FN:220,(anonymous_2)
FN:222,(anonymous_3)
FN:224,(anonymous_4)
FN:229,(anonymous_5)
FN:230,(anonymous_6)
FN:253,(anonymous_7)
FN:285,(anonymous_8)
FNF:9
FNH:0
FNDA:0,(anonymous_0)
FNDA:0,(anonymous_1)
FNDA:0,(anonymous_2)
FNDA:0,(anonymous_3)
FNDA:0,(anonymous_4)
FNDA:0,(anonymous_5)
FNDA:0,(anonymous_6)
FNDA:0,(anonymous_7)
FNDA:0,(anonymous_8)
DA:7,0
DA:19,0
DA:36,0
DA:53,0
DA:65,0
DA:79,0
DA:86,0
DA:98,0
DA:106,0
DA:127,0
DA:146,0
DA:172,0
DA:210,0
DA:216,0
DA:218,0
DA:219,0
DA:220,0
DA:222,0
DA:223,0
DA:224,0
DA:225,0
DA:229,0
DA:230,0
DA:232,0
DA:254,0
DA:285,0
LF:26
LH:0
BRDA:220,0,0,0
BRDA:220,0,1,0
BRDA:223,1,0,0
BRDA:223,1,1,0
BRDA:223,2,0,0
BRDA:223,2,1,0
BRDA:286,3,0,0
BRDA:286,3,1,0
BRDA:288,4,0,0
BRDA:288,4,1,0
BRDA:289,5,0,0
BRDA:289,5,1,0
BRDA:311,6,0,0
BRDA:311,6,1,0
BRF:14
BRH:0
end_of_record
TN:
SF:src\components\RoyalLendleScreen.tsx
FN:182,(anonymous_0)
FN:193,(anonymous_1)
FN:195,(anonymous_2)
FN:200,(anonymous_3)
FN:204,(anonymous_4)
FN:211,(anonymous_5)
FN:222,(anonymous_6)
FN:300,(anonymous_7)
FN:315,(anonymous_8)
FN:336,(anonymous_9)
FNF:10
FNH:0
FNDA:0,(anonymous_0)
FNDA:0,(anonymous_1)
FNDA:0,(anonymous_2)
FNDA:0,(anonymous_3)
FNDA:0,(anonymous_4)
FNDA:0,(anonymous_5)
FNDA:0,(anonymous_6)
FNDA:0,(anonymous_7)
FNDA:0,(anonymous_8)
FNDA:0,(anonymous_9)
DA:13,0
DA:25,0
DA:55,0
DA:85,0
DA:97,0
DA:111,0
DA:144,0
DA:182,0
DA:187,0
DA:188,0
DA:189,0
DA:193,0
DA:195,0
DA:196,0
DA:200,0
DA:204,0
DA:205,0
DA:206,0
DA:211,0
DA:213,0
DA:218,0
DA:220,0
DA:223,0
DA:224,0
DA:300,0
DA:315,0
DA:336,0
LF:27
LH:0
BRDA:239,0,0,0
BRDA:239,0,1,0
BRDA:239,1,0,0
BRDA:239,1,1,0
BRDA:244,2,0,0
BRDA:244,2,1,0
BRDA:244,3,0,0
BRDA:244,3,1,0
BRDA:247,4,0,0
BRDA:247,4,1,0
BRDA:248,5,0,0
BRDA:248,5,1,0
BRDA:257,6,0,0
BRDA:257,6,1,0
BRDA:275,7,0,0
BRDA:275,7,1,0
BRF:16
BRH:0
end_of_record
TN:
SF:src\components\Screen115.tsx
FN:71,(anonymous_0)
FN:81,(anonymous_1)
FN:83,(anonymous_2)
FN:85,(anonymous_3)
FN:92,(anonymous_4)
FN:167,(anonymous_5)
FNF:6
FNH:0
FNDA:0,(anonymous_0)
FNDA:0,(anonymous_1)
FNDA:0,(anonymous_2)
FNDA:0,(anonymous_3)
FNDA:0,(anonymous_4)
FNDA:0,(anonymous_5)
DA:13,0
DA:18,0
DA:35,0
DA:53,0
DA:71,0
DA:73,0
DA:74,0
DA:75,0
DA:76,0
DA:79,0
DA:81,0
DA:82,0
DA:83,0
DA:85,0
DA:86,0
DA:87,0
DA:88,0
DA:89,0
DA:92,0
DA:93,0
DA:94,0
DA:96,0
DA:168,0
DA:169,0
DA:170,0
DA:173,0
DA:174,0
DA:175,0
LF:28
LH:0
BRDA:81,0,0,0
BRDA:81,0,1,0
BRDA:83,1,0,0
BRDA:83,1,1,0
BRDA:107,2,0,0
BRDA:107,2,1,0
BRDA:107,3,0,0
BRDA:107,3,1,0
BRDA:112,4,0,0
BRDA:112,4,1,0
BRDA:112,5,0,0
BRDA:112,5,1,0
BRDA:115,6,0,0
BRDA:115,6,1,0
BRDA:116,7,0,0
BRDA:116,7,1,0
BRDA:125,8,0,0
BRDA:125,8,1,0
BRDA:159,9,0,0
BRDA:159,9,1,0
BRDA:163,10,0,0
BRDA:163,10,1,0
BRDA:169,11,0,0
BRDA:169,11,1,0
BRF:24
BRH:0
end_of_record
TN:
SF:src\components\Screen140.tsx
FN:100,(anonymous_0)
FN:113,(anonymous_1)
FN:125,(anonymous_2)
FN:157,(anonymous_3)
FN:179,(anonymous_4)
FN:182,(anonymous_5)
FN:194,(anonymous_6)
FN:197,(anonymous_7)
FN:280,(anonymous_8)
FNF:9
FNH:0
FNDA:0,(anonymous_0)
FNDA:0,(anonymous_1)
FNDA:0,(anonymous_2)
FNDA:0,(anonymous_3)
FNDA:0,(anonymous_4)
FNDA:0,(anonymous_5)
FNDA:0,(anonymous_6)
FNDA:0,(anonymous_7)
FNDA:0,(anonymous_8)
DA:10,0
DA:15,0
DA:32,0
DA:50,0
DA:60,0
DA:100,0
DA:102,0
DA:105,0
DA:106,0
DA:107,0
DA:110,0
DA:113,0
DA:115,0
DA:116,0
DA:120,0
DA:121,0
DA:122,0
DA:125,0
DA:126,0
DA:127,0
DA:129,0
DA:132,0
DA:133,0
DA:134,0
DA:136,0
DA:138,0
DA:141,0
DA:142,0
DA:146,0
DA:149,0
DA:151,0
DA:152,0
DA:153,0
DA:154,0
DA:157,0
DA:158,0
DA:159,0
DA:160,0
DA:161,0
DA:162,0
DA:164,0
DA:168,0
DA:169,0
DA:172,0
DA:173,0
DA:176,0
DA:179,0
DA:180,0
DA:182,0
DA:186,0
DA:187,0
DA:189,0
DA:191,0
DA:193,0
DA:194,0
DA:195,0
DA:197,0
DA:200,0
DA:202,0
DA:206,0
DA:207,0
DA:208,0
DA:212,0
DA:216,0
DA:219,0
DA:280,0
LF:66
LH:0
BRDA:115,0,0,0
BRDA:115,0,1,0
BRDA:120,1,0,0
BRDA:120,1,1,0
BRDA:120,2,0,0
BRDA:120,2,1,0
BRDA:120,2,2,0
BRDA:120,2,3,0
BRDA:133,3,0,0
BRDA:133,3,1,0
BRDA:142,4,0,0
BRDA:142,4,1,0
BRDA:158,5,0,0
BRDA:158,5,1,0
BRDA:158,6,0,0
BRDA:158,6,1,0
BRDA:191,7,0,0
BRDA:191,7,1,0
BRDA:206,8,0,0
BRDA:206,8,1,0
BRDA:227,9,0,0
BRDA:227,9,1,0
BRDA:239,10,0,0
BRDA:239,10,1,0
BRDA:239,11,0,0
BRDA:239,11,1,0
BRDA:244,12,0,0
BRDA:244,12,1,0
BRDA:244,13,0,0
BRDA:244,13,1,0
BRDA:247,14,0,0
BRDA:247,14,1,0
BRDA:248,15,0,0
BRDA:248,15,1,0
BRDA:257,16,0,0
BRDA:257,16,1,0
BRF:36
BRH:0
end_of_record
TN:
SF:src\components\Screen151.tsx
FN:93,(anonymous_0)
FN:147,(anonymous_1)
FN:150,(anonymous_2)
FNF:3
FNH:0
FNDA:0,(anonymous_0)
FNDA:0,(anonymous_1)
FNDA:0,(anonymous_2)
DA:7,0
DA:12,0
DA:29,0
DA:47,0
DA:57,0
DA:93,0
DA:95,0
DA:97,0
DA:147,0
DA:150,0
LF:10
LH:0
BRDA:108,0,0,0
BRDA:108,0,1,0
BRDA:108,1,0,0
BRDA:108,1,1,0
BRDA:113,2,0,0
BRDA:113,2,1,0
BRDA:113,3,0,0
BRDA:113,3,1,0
BRDA:116,4,0,0
BRDA:116,4,1,0
BRDA:117,5,0,0
BRDA:117,5,1,0
BRDA:126,6,0,0
BRDA:126,6,1,0
BRF:14
BRH:0
end_of_record
TN:
SF:src\components\Screen162.tsx
FN:100,(anonymous_0)
FN:106,(anonymous_1)
FN:108,(anonymous_2)
FN:111,(anonymous_3)
FN:184,(anonymous_4)
FN:188,(anonymous_5)
FNF:6
FNH:0
FNDA:0,(anonymous_0)
FNDA:0,(anonymous_1)
FNDA:0,(anonymous_2)
FNDA:0,(anonymous_3)
FNDA:0,(anonymous_4)
FNDA:0,(anonymous_5)
DA:10,0
DA:15,0
DA:32,0
DA:50,0
DA:60,0
DA:100,0
DA:101,0
DA:103,0
DA:104,0
DA:106,0
DA:108,0
DA:109,0
DA:111,0
DA:115,0
DA:116,0
DA:117,0
DA:118,0
DA:119,0
DA:120,0
DA:123,0
DA:126,0
DA:130,0
DA:184,0
DA:188,0
LF:24
LH:0
BRDA:117,0,0,0
BRDA:117,0,1,0
BRDA:146,1,0,0
BRDA:146,1,1,0
BRDA:146,2,0,0
BRDA:146,2,1,0
BRDA:151,3,0,0
BRDA:151,3,1,0
BRDA:151,4,0,0
BRDA:151,4,1,0
BRDA:154,5,0,0
BRDA:154,5,1,0
BRDA:155,6,0,0
BRDA:155,6,1,0
BRDA:164,7,0,0
BRDA:164,7,1,0
BRF:16
BRH:0
end_of_record
TN:
SF:src\components\Screen222.tsx
FN:100,(anonymous_0)
FN:112,(anonymous_1)
FN:119,(anonymous_2)
FN:123,(anonymous_3)
FN:148,(anonymous_4)
FN:166,(anonymous_5)
FN:169,(anonymous_6)
FN:172,(anonymous_7)
FN:175,(anonymous_8)
FN:238,(anonymous_9)
FNF:10
FNH:0
FNDA:0,(anonymous_0)
FNDA:0,(anonymous_1)
FNDA:0,(anonymous_2)
FNDA:0,(anonymous_3)
FNDA:0,(anonymous_4)
FNDA:0,(anonymous_5)
FNDA:0,(anonymous_6)
FNDA:0,(anonymous_7)
FNDA:0,(anonymous_8)
FNDA:0,(anonymous_9)
DA:10,0
DA:15,0
DA:32,0
DA:50,0
DA:60,0
DA:100,0
DA:102,0
DA:105,0
DA:106,0
DA:109,0
DA:112,0
DA:114,0
DA:116,0
DA:119,0
DA:120,0
DA:123,0
DA:124,0
DA:125,0
DA:127,0
DA:137,0
DA:147,0
DA:148,0
DA:151,0
DA:152,0
DA:154,0
DA:158,0
DA:161,0
DA:166,0
DA:167,0
DA:169,0
DA:172,0
DA:173,0
DA:175,0
DA:179,0
DA:182,0
DA:238,0
LF:36
LH:0
BRDA:114,0,0,0
BRDA:114,0,1,0
BRDA:124,1,0,0
BRDA:124,1,1,0
BRDA:125,2,0,0
BRDA:125,2,1,0
BRDA:151,3,0,0
BRDA:151,3,1,0
BRDA:152,4,0,0
BRDA:152,4,1,0
BRDA:202,5,0,0
BRDA:202,5,1,0
BRDA:202,6,0,0
BRDA:202,6,1,0
BRDA:207,7,0,0
BRDA:207,7,1,0
BRDA:207,8,0,0
BRDA:207,8,1,0
BRDA:210,9,0,0
BRDA:210,9,1,0
BRDA:211,10,0,0
BRDA:211,10,1,0
BRDA:220,11,0,0
BRDA:220,11,1,0
BRF:24
BRH:0
end_of_record
TN:
SF:src\components\Screen30.tsx
FN:94,(anonymous_0)
FN:111,(anonymous_1)
FN:150,(anonymous_2)
FN:154,(anonymous_3)
FNF:4
FNH:0
FNDA:0,(anonymous_0)
FNDA:0,(anonymous_1)
FNDA:0,(anonymous_2)
FNDA:0,(anonymous_3)
DA:8,0
DA:13,0
DA:30,0
DA:48,0
DA:58,0
DA:94,0
DA:96,0
DA:98,0
DA:113,0
DA:150,0
DA:154,0
LF:11
LH:0
BRDA:109,0,0,0
BRDA:109,0,1,0
BRDA:109,1,0,0
BRDA:109,1,1,0
BRDA:117,2,0,0
BRDA:117,2,1,0
BRDA:117,3,0,0
BRDA:117,3,1,0
BRDA:120,4,0,0
BRDA:120,4,1,0
BRDA:121,5,0,0
BRDA:121,5,1,0
BRDA:130,6,0,0
BRDA:130,6,1,0
BRF:14
BRH:0
end_of_record
TN:
SF:src\components\Screen43.tsx
FN:101,(anonymous_0)
FN:110,(anonymous_1)
FN:123,(anonymous_2)
FN:126,(anonymous_3)
FN:180,(anonymous_4)
FN:183,(anonymous_5)
FNF:6
FNH:0
FNDA:0,(anonymous_0)
FNDA:0,(anonymous_1)
FNDA:0,(anonymous_2)
FNDA:0,(anonymous_3)
FNDA:0,(anonymous_4)
FNDA:0,(anonymous_5)
DA:11,0
DA:16,0
DA:33,0
DA:51,0
DA:61,0
DA:101,0
DA:103,0
DA:106,0
DA:107,0
DA:110,0
DA:112,0
DA:113,0
DA:114,0
DA:115,0
DA:116,0
DA:117,0
DA:120,0
DA:123,0
DA:124,0
DA:126,0
DA:130,0
DA:134,0
DA:180,0
DA:185,0
DA:186,0
DA:187,0
DA:189,0
DA:191,0
LF:28
LH:0
BRDA:114,0,0,0
BRDA:114,0,1,0
BRDA:138,1,0,0
BRDA:138,1,1,0
BRDA:150,2,0,0
BRDA:150,2,1,0
BRDA:150,3,0,0
BRDA:150,3,1,0
BRDA:155,4,0,0
BRDA:155,4,1,0
BRDA:155,5,0,0
BRDA:155,5,1,0
BRDA:158,6,0,0
BRDA:158,6,1,0
BRDA:159,7,0,0
BRDA:159,7,1,0
BRDA:168,8,0,0
BRDA:168,8,1,0
BRF:18
BRH:0
end_of_record
TN:
SF:src\components\Screen54.tsx
FN:99,(anonymous_0)
FN:118,(anonymous_1)
FN:119,(anonymous_2)
FN:121,(anonymous_3)
FN:131,(anonymous_4)
FN:134,(anonymous_5)
FN:145,(anonymous_6)
FN:149,(anonymous_7)
FN:184,(anonymous_8)
FN:189,(anonymous_9)
FN:196,(anonymous_10)
FN:201,(anonymous_11)
FN:301,(anonymous_12)
FNF:13
FNH:0
FNDA:0,(anonymous_0)
FNDA:0,(anonymous_1)
FNDA:0,(anonymous_2)
FNDA:0,(anonymous_3)
FNDA:0,(anonymous_4)
FNDA:0,(anonymous_5)
FNDA:0,(anonymous_6)
FNDA:0,(anonymous_7)
FNDA:0,(anonymous_8)
FNDA:0,(anonymous_9)
FNDA:0,(anonymous_10)
FNDA:0,(anonymous_11)
FNDA:0,(anonymous_12)
DA:11,0
DA:16,0
DA:33,0
DA:51,0
DA:61,0
DA:99,0
DA:101,0
DA:104,0
DA:107,0
DA:110,0
DA:111,0
DA:114,0
DA:117,0
DA:118,0
DA:119,0
DA:121,0
DA:123,0
DA:124,0
DA:125,0
DA:126,0
DA:127,0
DA:128,0
DA:131,0
DA:132,0
DA:134,0
DA:138,0
DA:141,0
DA:145,0
DA:146,0
DA:149,0
DA:151,0
DA:152,0
DA:155,0
DA:156,0
DA:159,0
DA:160,0
DA:162,0
DA:165,0
DA:169,0
DA:171,0
DA:173,0
DA:174,0
DA:177,0
DA:179,0
DA:184,0
DA:185,0
DA:189,0
DA:190,0
DA:191,0
DA:192,0
DA:196,0
DA:197,0
DA:201,0
DA:202,0
DA:205,0
DA:302,0
DA:303,0
DA:305,0
DA:306,0
DA:324,0
LF:60
LH:0
BRDA:119,0,0,0
BRDA:119,0,1,0
BRDA:125,1,0,0
BRDA:125,1,1,0
BRDA:125,2,0,0
BRDA:125,2,1,0
BRDA:146,3,0,0
BRDA:146,3,1,0
BRDA:151,4,0,0
BRDA:151,4,1,0
BRDA:156,5,0,0
BRDA:156,5,1,0
BRDA:160,6,0,0
BRDA:160,6,1,0
BRDA:221,7,0,0
BRDA:221,7,1,0
BRDA:221,8,0,0
BRDA:221,8,1,0
BRDA:226,9,0,0
BRDA:226,9,1,0
BRDA:226,10,0,0
BRDA:226,10,1,0
BRDA:229,11,0,0
BRDA:229,11,1,0
BRDA:230,12,0,0
BRDA:230,12,1,0
BRDA:239,13,0,0
BRDA:239,13,1,0
BRDA:303,14,0,0
BRDA:303,14,1,0
BRDA:305,15,0,0
BRDA:305,15,1,0
BRF:32
BRH:0
end_of_record
TN:
SF:src\components\Screen66.tsx
FN:134,(anonymous_0)
FN:228,(anonymous_1)
FN:229,(anonymous_2)
FN:232,(anonymous_3)
FN:239,(anonymous_4)
FN:265,(anonymous_5)
FN:286,(anonymous_6)
FN:294,(anonymous_7)
FN:305,(anonymous_8)
FN:379,(anonymous_9)
FN:382,(anonymous_10)
FN:385,(anonymous_11)
FN:397,(anonymous_12)
FN:411,(anonymous_13)
FN:421,(anonymous_14)
FN:490,(anonymous_15)
FN:500,(anonymous_16)
FN:503,(anonymous_17)
FN:552,(anonymous_18)
FN:556,(anonymous_19)
FN:638,(anonymous_20)
FN:660,(anonymous_21)
FN:668,(anonymous_22)
FNF:23
FNH:0
FNDA:0,(anonymous_0)
FNDA:0,(anonymous_1)
FNDA:0,(anonymous_2)
FNDA:0,(anonymous_3)
FNDA:0,(anonymous_4)
FNDA:0,(anonymous_5)
FNDA:0,(anonymous_6)
FNDA:0,(anonymous_7)
FNDA:0,(anonymous_8)
FNDA:0,(anonymous_9)
FNDA:0,(anonymous_10)
FNDA:0,(anonymous_11)
FNDA:0,(anonymous_12)
FNDA:0,(anonymous_13)
FNDA:0,(anonymous_14)
FNDA:0,(anonymous_15)
FNDA:0,(anonymous_16)
FNDA:0,(anonymous_17)
FNDA:0,(anonymous_18)
FNDA:0,(anonymous_19)
FNDA:0,(anonymous_20)
FNDA:0,(anonymous_21)
FNDA:0,(anonymous_22)
DA:10,0
DA:15,0
DA:32,0
DA:50,0
DA:60,0
DA:73,0
DA:134,0
DA:136,0
DA:138,0
DA:139,0
DA:140,0
DA:143,0
DA:144,0
DA:145,0
DA:147,0
DA:228,0
DA:229,0
DA:232,0
DA:233,0
DA:234,0
DA:235,0
DA:237,0
DA:239,0
DA:240,0
DA:241,0
DA:243,0
DA:244,0
DA:245,0
DA:247,0
DA:249,0
DA:250,0
DA:251,0
DA:253,0
DA:254,0
DA:256,0
DA:264,0
DA:265,0
DA:267,0
DA:268,0
DA:269,0
DA:270,0
DA:274,0
DA:276,0
DA:278,0
DA:281,0
DA:286,0
DA:287,0
DA:289,0
DA:290,0
DA:291,0
DA:294,0
DA:295,0
DA:299,0
DA:302,0
DA:307,0
DA:309,0
DA:311,0
DA:313,0
DA:315,0
DA:317,0
DA:328,0
DA:330,0
DA:331,0
DA:333,0
DA:337,0
DA:340,0
DA:342,0
DA:345,0
DA:346,0
DA:348,0
DA:349,0
DA:352,0
DA:353,0
DA:354,0
DA:357,0
DA:359,0
DA:362,0
DA:369,0
DA:377,0
DA:378,0
DA:379,0
DA:382,0
DA:383,0
DA:384,0
DA:385,0
DA:389,0
DA:390,0
DA:391,0
DA:392,0
DA:394,0
DA:397,0
DA:398,0
DA:399,0
DA:403,0
DA:405,0
DA:406,0
DA:407,0
DA:411,0
DA:412,0
DA:413,0
DA:414,0
DA:415,0
DA:416,0
DA:417,0
DA:421,0
DA:422,0
DA:423,0
DA:424,0
DA:425,0
DA:426,0
DA:427,0
DA:431,0
DA:490,0
DA:501,0
DA:504,0
DA:505,0
DA:506,0
DA:552,0
DA:556,0
DA:638,0
DA:660,0
DA:668,0
LF:122
LH:0
BRDA:237,0,0,0
BRDA:237,0,1,0
BRDA:237,1,0,0
BRDA:237,1,1,0
BRDA:240,2,0,0
BRDA:240,2,1,0
BRDA:247,3,0,0
BRDA:247,3,1,0
BRDA:249,4,0,0
BRDA:249,4,1,0
BRDA:253,5,0,0
BRDA:253,5,1,0
BRDA:295,6,0,0
BRDA:295,6,1,0
BRDA:307,7,0,0
BRDA:307,7,1,0
BRDA:307,7,2,0
BRDA:307,7,3,0
BRDA:307,7,4,0
BRDA:323,8,0,0
BRDA:323,8,1,0
BRDA:412,9,0,0
BRDA:412,9,1,0
BRDA:412,9,2,0
BRDA:412,9,3,0
BRDA:412,9,4,0
BRDA:422,10,0,0
BRDA:422,10,1,0
BRDA:422,10,2,0
BRDA:422,10,3,0
BRDA:422,10,4,0
BRDA:435,11,0,0
BRDA:435,11,1,0
BRDA:454,12,0,0
BRDA:454,12,1,0
BRDA:454,13,0,0
BRDA:454,13,1,0
BRDA:459,14,0,0
BRDA:459,14,1,0
BRDA:459,15,0,0
BRDA:459,15,1,0
BRDA:462,16,0,0
BRDA:462,16,1,0
BRDA:463,17,0,0
BRDA:463,17,1,0
BRDA:472,18,0,0
BRDA:472,18,1,0
BRDA:490,19,0,0
BRDA:490,19,1,0
BRDA:543,20,0,0
BRDA:543,20,1,0
BRDA:564,21,0,0
BRDA:564,21,1,0
BRDA:564,21,2,0
BRDA:611,22,0,0
BRDA:611,22,1,0
BRDA:619,23,0,0
BRDA:619,23,1,0
BRDA:628,24,0,0
BRDA:628,24,1,0
BRDA:638,25,0,0
BRDA:638,25,1,0
BRDA:654,26,0,0
BRDA:654,26,1,0
BRDA:668,27,0,0
BRDA:668,27,1,0
BRF:66
BRH:0
end_of_record
TN:
SF:src\components\Screen82.tsx
FN:143,(anonymous_0)
FN:168,(anonymous_1)
FN:279,(anonymous_2)
FN:280,(anonymous_3)
FN:284,(anonymous_4)
FN:286,(anonymous_5)
FN:288,(anonymous_6)
FN:293,(anonymous_7)
FN:296,(anonymous_8)
FN:315,(anonymous_9)
FN:347,(anonymous_10)
FN:352,(anonymous_11)
FN:400,(anonymous_12)
FN:403,(anonymous_13)
FN:405,(anonymous_14)
FN:410,(anonymous_15)
FN:412,(anonymous_16)
FN:418,(anonymous_17)
FN:421,(anonymous_18)
FN:467,(anonymous_19)
FN:470,(anonymous_20)
FN:472,(anonymous_21)
FN:482,(anonymous_22)
FN:493,(anonymous_23)
FN:561,(anonymous_24)
FN:573,(anonymous_25)
FN:576,(anonymous_26)
FN:625,(anonymous_27)
FN:629,(anonymous_28)
FN:727,(anonymous_29)
FN:749,(anonymous_30)
FN:757,(anonymous_31)
FN:856,(anonymous_32)
FNF:33
FNH:0
FNDA:0,(anonymous_0)
FNDA:0,(anonymous_1)
FNDA:0,(anonymous_2)
FNDA:0,(anonymous_3)
FNDA:0,(anonymous_4)
FNDA:0,(anonymous_5)
FNDA:0,(anonymous_6)
FNDA:0,(anonymous_7)
FNDA:0,(anonymous_8)
FNDA:0,(anonymous_9)
FNDA:0,(anonymous_10)
FNDA:0,(anonymous_11)
FNDA:0,(anonymous_12)
FNDA:0,(anonymous_13)
FNDA:0,(anonymous_14)
FNDA:0,(anonymous_15)
FNDA:0,(anonymous_16)
FNDA:0,(anonymous_17)
FNDA:0,(anonymous_18)
FNDA:0,(anonymous_19)
FNDA:0,(anonymous_20)
FNDA:0,(anonymous_21)
FNDA:0,(anonymous_22)
FNDA:0,(anonymous_23)
FNDA:0,(anonymous_24)
FNDA:0,(anonymous_25)
FNDA:0,(anonymous_26)
FNDA:0,(anonymous_27)
FNDA:0,(anonymous_28)
FNDA:0,(anonymous_29)
FNDA:0,(anonymous_30)
FNDA:0,(anonymous_31)
FNDA:0,(anonymous_32)
DA:11,0
DA:16,0
DA:33,0
DA:51,0
DA:61,0
DA:74,0
DA:143,0
DA:145,0
DA:148,0
DA:150,0
DA:151,0
DA:152,0
DA:155,0
DA:156,0
DA:157,0
DA:160,0
DA:161,0
DA:168,0
DA:169,0
DA:173,0
DA:279,0
DA:280,0
DA:284,0
DA:285,0
DA:286,0
DA:287,0
DA:288,0
DA:290,0
DA:293,0
DA:294,0
DA:296,0
DA:297,0
DA:298,0
DA:300,0
DA:302,0
DA:303,0
DA:304,0
DA:306,0
DA:314,0
DA:315,0
DA:317,0
DA:318,0
DA:319,0
DA:320,0
DA:325,0
DA:326,0
DA:327,0
DA:329,0
DA:334,0
DA:335,0
DA:336,0
DA:341,0
DA:347,0
DA:349,0
DA:352,0
DA:353,0
DA:359,0
DA:375,0
DA:377,0
DA:383,0
DA:385,0
DA:386,0
DA:387,0
DA:388,0
DA:391,0
DA:399,0
DA:400,0
DA:403,0
DA:404,0
DA:405,0
DA:410,0
DA:411,0
DA:412,0
DA:413,0
DA:414,0
DA:416,0
DA:418,0
DA:421,0
DA:422,0
DA:428,0
DA:443,0
DA:445,0
DA:451,0
DA:453,0
DA:454,0
DA:455,0
DA:458,0
DA:466,0
DA:467,0
DA:470,0
DA:471,0
DA:472,0
DA:482,0
DA:483,0
DA:484,0
DA:485,0
DA:486,0
DA:487,0
DA:488,0
DA:489,0
DA:493,0
DA:494,0
DA:495,0
DA:496,0
DA:497,0
DA:498,0
DA:499,0
DA:500,0
DA:504,0
DA:561,0
DA:574,0
DA:577,0
DA:578,0
DA:579,0
DA:625,0
DA:629,0
DA:727,0
DA:749,0
DA:757,0
DA:857,0
DA:858,0
LF:121
LH:0
BRDA:285,0,0,0
BRDA:285,0,1,0
BRDA:287,1,0,0
BRDA:287,1,1,0
BRDA:294,2,0,0
BRDA:294,2,1,0
BRDA:294,3,0,0
BRDA:294,3,1,0
BRDA:297,4,0,0
BRDA:297,4,1,0
BRDA:300,5,0,0
BRDA:300,5,1,0
BRDA:302,6,0,0
BRDA:302,6,1,0
BRDA:304,7,0,0
BRDA:304,7,1,0
BRDA:325,8,0,0
BRDA:325,8,1,0
BRDA:327,9,0,0
BRDA:327,9,1,0
BRDA:353,10,0,0
BRDA:353,10,1,0
BRDA:362,11,0,0
BRDA:362,11,1,0
BRDA:363,12,0,0
BRDA:363,12,1,0
BRDA:367,13,0,0
BRDA:367,13,1,0
BRDA:411,14,0,0
BRDA:411,14,1,0
BRDA:411,15,0,0
BRDA:411,15,1,0
BRDA:413,16,0,0
BRDA:413,16,1,0
BRDA:416,17,0,0
BRDA:416,17,1,0
BRDA:422,18,0,0
BRDA:422,18,1,0
BRDA:431,19,0,0
BRDA:431,19,1,0
BRDA:435,20,0,0
BRDA:435,20,1,0
BRDA:483,21,0,0
BRDA:483,21,1,0
BRDA:483,21,2,0
BRDA:483,21,3,0
BRDA:483,21,4,0
BRDA:483,21,5,0
BRDA:494,22,0,0
BRDA:494,22,1,0
BRDA:494,22,2,0
BRDA:494,22,3,0
BRDA:494,22,4,0
BRDA:494,22,5,0
BRDA:508,23,0,0
BRDA:508,23,1,0
BRDA:527,24,0,0
BRDA:527,24,1,0
BRDA:527,25,0,0
BRDA:527,25,1,0
BRDA:532,26,0,0
BRDA:532,26,1,0
BRDA:532,27,0,0
BRDA:532,27,1,0
BRDA:535,28,0,0
BRDA:535,28,1,0
BRDA:536,29,0,0
BRDA:536,29,1,0
BRDA:545,30,0,0
BRDA:545,30,1,0
BRDA:561,31,0,0
BRDA:561,31,1,0
BRDA:616,32,0,0
BRDA:616,32,1,0
BRDA:637,33,0,0
BRDA:637,33,1,0
BRDA:637,33,2,0
BRDA:684,34,0,0
BRDA:684,34,1,0
BRDA:692,35,0,0
BRDA:692,35,1,0
BRDA:700,36,0,0
BRDA:700,36,1,0
BRDA:708,37,0,0
BRDA:708,37,1,0
BRDA:717,38,0,0
BRDA:717,38,1,0
BRDA:727,39,0,0
BRDA:727,39,1,0
BRDA:743,40,0,0
BRDA:743,40,1,0
BRDA:757,41,0,0
BRDA:757,41,1,0
BRDA:773,42,0,0
BRDA:773,42,1,0
BRDA:773,42,2,0
BRDA:773,42,3,0
BRDA:834,43,0,0
BRDA:834,43,1,0
BRDA:850,44,0,0
BRDA:850,44,1,0
BRF:101
BRH:0
end_of_record
TN:
SF:src\components\Screen86.tsx
FN:93,(anonymous_0)
FN:107,(anonymous_1)
FN:109,(anonymous_2)
FN:123,(anonymous_3)
FN:134,(anonymous_4)
FN:157,(anonymous_5)
FN:165,(anonymous_6)
FN:166,(anonymous_7)
FN:229,(anonymous_8)
FN:233,(anonymous_9)
FNF:10
FNH:0
FNDA:0,(anonymous_0)
FNDA:0,(anonymous_1)
FNDA:0,(anonymous_2)
FNDA:0,(anonymous_3)
FNDA:0,(anonymous_4)
FNDA:0,(anonymous_5)
FNDA:0,(anonymous_6)
FNDA:0,(anonymous_7)
FNDA:0,(anonymous_8)
FNDA:0,(anonymous_9)
DA:11,0
DA:16,0
DA:33,0
DA:51,0
DA:61,0
DA:93,0
DA:98,0
DA:99,0
DA:101,0
DA:102,0
DA:103,0
DA:104,0
DA:105,0
DA:107,0
DA:109,0
DA:110,0
DA:111,0
DA:112,0
DA:113,0
DA:115,0
DA:116,0
DA:117,0
DA:119,0
DA:120,0
DA:123,0
DA:124,0
DA:126,0
DA:127,0
DA:128,0
DA:131,0
DA:134,0
DA:135,0
DA:136,0
DA:138,0
DA:139,0
DA:142,0
DA:143,0
DA:144,0
DA:145,0
DA:146,0
DA:148,0
DA:149,0
DA:150,0
DA:151,0
DA:154,0
DA:157,0
DA:158,0
DA:159,0
DA:161,0
DA:165,0
DA:166,0
DA:167,0
DA:168,0
DA:169,0
DA:175,0
DA:230,0
DA:231,0
DA:233,0
LF:58
LH:0
BRDA:107,0,0,0
BRDA:107,0,1,0
BRDA:111,1,0,0
BRDA:111,1,1,0
BRDA:111,2,0,0
BRDA:111,2,1,0
BRDA:111,2,2,0
BRDA:115,3,0,0
BRDA:115,3,1,0
BRDA:124,4,0,0
BRDA:124,4,1,0
BRDA:142,5,0,0
BRDA:142,5,1,0
BRDA:154,6,0,0
BRDA:154,6,1,0
BRDA:158,7,0,0
BRDA:158,7,1,0
BRDA:188,8,0,0
BRDA:188,8,1,0
BRDA:188,9,0,0
BRDA:188,9,1,0
BRDA:193,10,0,0
BRDA:193,10,1,0
BRDA:193,11,0,0
BRDA:193,11,1,0
BRDA:196,12,0,0
BRDA:196,12,1,0
BRDA:197,13,0,0
BRDA:197,13,1,0
BRDA:206,14,0,0
BRDA:206,14,1,0
BRDA:223,15,0,0
BRDA:223,15,1,0
BRDA:231,16,0,0
BRDA:231,16,1,0
BRDA:243,17,0,0
BRDA:243,17,1,0
BRDA:243,17,2,0
BRDA:243,17,3,0
BRDA:290,18,0,0
BRDA:290,18,1,0
BRDA:294,19,0,0
BRDA:294,19,1,0
BRDA:303,20,0,0
BRDA:303,20,1,0
BRDA:306,21,0,0
BRDA:306,21,1,0
BRF:47
BRH:0
end_of_record
TN:
SF:src\components\Screen94.tsx
FN:93,(anonymous_0)
FN:103,(anonymous_1)
FN:105,(anonymous_2)
FN:119,(anonymous_3)
FN:130,(anonymous_4)
FN:142,(anonymous_5)
FN:154,(anonymous_6)
FN:163,(anonymous_7)
FN:171,(anonymous_8)
FN:172,(anonymous_9)
FN:233,(anonymous_10)
FN:237,(anonymous_11)
FNF:12
FNH:0
FNDA:0,(anonymous_0)
FNDA:0,(anonymous_1)
FNDA:0,(anonymous_2)
FNDA:0,(anonymous_3)
FNDA:0,(anonymous_4)
FNDA:0,(anonymous_5)
FNDA:0,(anonymous_6)
FNDA:0,(anonymous_7)
FNDA:0,(anonymous_8)
FNDA:0,(anonymous_9)
FNDA:0,(anonymous_10)
FNDA:0,(anonymous_11)
DA:11,0
DA:16,0
DA:33,0
DA:51,0
DA:61,0
DA:93,0
DA:94,0
DA:95,0
DA:97,0
DA:98,0
DA:99,0
DA:100,0
DA:101,0
DA:103,0
DA:105,0
DA:106,0
DA:107,0
DA:108,0
DA:109,0
DA:111,0
DA:112,0
DA:113,0
DA:115,0
DA:116,0
DA:119,0
DA:120,0
DA:122,0
DA:123,0
DA:124,0
DA:127,0
DA:130,0
DA:131,0
DA:132,0
DA:133,0
DA:136,0
DA:137,0
DA:138,0
DA:141,0
DA:142,0
DA:143,0
DA:144,0
DA:145,0
DA:146,0
DA:149,0
DA:150,0
DA:153,0
DA:154,0
DA:155,0
DA:156,0
DA:157,0
DA:158,0
DA:163,0
DA:164,0
DA:165,0
DA:167,0
DA:171,0
DA:172,0
DA:173,0
DA:174,0
DA:175,0
DA:179,0
DA:234,0
DA:235,0
DA:237,0
LF:64
LH:0
BRDA:103,0,0,0
BRDA:103,0,1,0
BRDA:107,1,0,0
BRDA:107,1,1,0
BRDA:107,2,0,0
BRDA:107,2,1,0
BRDA:107,2,2,0
BRDA:111,3,0,0
BRDA:111,3,1,0
BRDA:120,4,0,0
BRDA:120,4,1,0
BRDA:136,5,0,0
BRDA:136,5,1,0
BRDA:143,6,0,0
BRDA:143,6,1,0
BRDA:143,7,0,0
BRDA:143,7,1,0
BRDA:155,8,0,0
BRDA:155,8,1,0
BRDA:155,9,0,0
BRDA:155,9,1,0
BRDA:164,10,0,0
BRDA:164,10,1,0
BRDA:190,11,0,0
BRDA:190,11,1,0
BRDA:190,12,0,0
BRDA:190,12,1,0
BRDA:195,13,0,0
BRDA:195,13,1,0
BRDA:195,14,0,0
BRDA:195,14,1,0
BRDA:198,15,0,0
BRDA:198,15,1,0
BRDA:199,16,0,0
BRDA:199,16,1,0
BRDA:208,17,0,0
BRDA:208,17,1,0
BRDA:227,18,0,0
BRDA:227,18,1,0
BRDA:235,19,0,0
BRDA:235,19,1,0
BRDA:247,20,0,0
BRDA:247,20,1,0
BRDA:247,20,2,0
BRDA:247,20,3,0
BRDA:294,21,0,0
BRDA:294,21,1,0
BRDA:298,22,0,0
BRDA:298,22,1,0
BRDA:307,23,0,0
BRDA:307,23,1,0
BRDA:310,24,0,0
BRDA:310,24,1,0
BRF:53
BRH:0
end_of_record
TN:
SF:src\components\character\AttributeCard.tsx
FN:29,(anonymous_0)
FN:44,(anonymous_1)
FN:48,(anonymous_2)
FN:60,(anonymous_3)
FN:67,(anonymous_4)
FNF:5
FNH:0
FNDA:0,(anonymous_0)
FNDA:0,(anonymous_1)
FNDA:0,(anonymous_2)
FNDA:0,(anonymous_3)
FNDA:0,(anonymous_4)
DA:29,0
DA:39,0
DA:40,0
DA:41,0
DA:42,0
DA:44,0
DA:45,0
DA:48,0
DA:49,0
DA:52,0
DA:53,0
DA:56,0
DA:57,0
DA:60,0
DA:61,0
DA:62,0
DA:67,0
DA:68,0
DA:69,0
DA:70,0
DA:71,0
DA:75,0
DA:215,0
LF:23
LH:0
BRDA:35,0,0,0
BRDA:36,1,0,0
BRDA:49,2,0,0
BRDA:49,2,1,0
BRDA:52,3,0,0
BRDA:52,3,1,0
BRDA:68,4,0,0
BRDA:68,4,1,0
BRDA:68,4,2,0
BRDA:102,5,0,0
BRDA:102,5,1,0
BRDA:110,6,0,0
BRDA:110,6,1,0
BRDA:126,7,0,0
BRDA:126,7,1,0
BRDA:134,8,0,0
BRDA:134,8,1,0
BRDA:137,9,0,0
BRDA:137,9,1,0
BRDA:139,10,0,0
BRDA:139,10,1,0
BRDA:141,11,0,0
BRDA:141,11,1,0
BRDA:147,12,0,0
BRDA:147,12,1,0
BRDA:154,13,0,0
BRDA:154,13,1,0
BRDA:181,14,0,0
BRDA:181,14,1,0
BRDA:185,15,0,0
BRDA:185,15,1,0
BRDA:197,16,0,0
BRDA:197,16,1,0
BRF:33
BRH:0
end_of_record
TN:
SF:src\components\ui\CustomCheckbox.tsx
FN:12,(anonymous_0)
FN:20,(anonymous_1)
FN:24,(anonymous_2)
FNF:3
FNH:0
FNDA:0,(anonymous_0)
FNDA:0,(anonymous_1)
FNDA:0,(anonymous_2)
DA:12,0
DA:18,0
DA:20,0
DA:21,0
DA:24,0
DA:25,0
DA:26,0
DA:27,0
DA:31,0
DA:88,0
LF:10
LH:0
BRDA:18,0,0,0
BRDA:18,0,1,0
BRDA:25,1,0,0
BRDA:25,1,1,0
BRDA:25,2,0,0
BRDA:25,2,1,0
BRDA:45,3,0,0
BRDA:45,3,1,0
BRDA:53,4,0,0
BRDA:53,4,1,0
BRDA:61,5,0,0
BRDA:61,5,1,0
BRF:12
BRH:0
end_of_record
TN:
SF:src\components\ui\DiceRollModal.tsx
FN:49,(anonymous_0)
FN:99,(anonymous_1)
FN:110,(anonymous_2)
FN:118,(anonymous_3)
FN:127,(anonymous_4)
FN:139,(anonymous_5)
FN:143,(anonymous_6)
FN:146,(anonymous_7)
FN:150,(anonymous_8)
FN:167,(anonymous_9)
FN:185,(anonymous_10)
FNF:11
FNH:0
FNDA:0,(anonymous_0)
FNDA:0,(anonymous_1)
FNDA:0,(anonymous_2)
FNDA:0,(anonymous_3)
FNDA:0,(anonymous_4)
FNDA:0,(anonymous_5)
FNDA:0,(anonymous_6)
FNDA:0,(anonymous_7)
FNDA:0,(anonymous_8)
FNDA:0,(anonymous_9)
FNDA:0,(anonymous_10)
DA:6,0
DA:17,0
DA:28,0
DA:40,0
DA:49,0
DA:72,0
DA:82,0
DA:99,0
DA:106,0
DA:107,0
DA:108,0
DA:110,0
DA:111,0
DA:113,0
DA:114,0
DA:115,0
DA:118,0
DA:119,0
DA:124,0
DA:126,0
DA:127,0
DA:130,0
DA:131,0
DA:134,0
DA:135,0
DA:136,0
DA:139,0
DA:140,0
DA:143,0
DA:146,0
DA:150,0
DA:151,0
DA:153,0
DA:154,0
DA:158,0
DA:164,0
DA:186,0
LF:37
LH:0
BRDA:62,0,0,0
BRDA:62,0,1,0
BRDA:64,1,0,0
BRDA:64,1,1,0
BRDA:103,2,0,0
BRDA:111,3,0,0
BRDA:111,3,1,0
BRDA:124,4,0,0
BRDA:124,4,1,0
BRDA:151,5,0,0
BRDA:151,5,1,0
BRDA:151,6,0,0
BRDA:151,6,1,0
BRDA:153,7,0,0
BRDA:153,7,1,0
BRDA:154,8,0,0
BRDA:154,8,1,0
BRDA:158,9,0,0
BRDA:158,9,1,0
BRDA:181,10,0,0
BRDA:181,10,1,0
BRDA:191,11,0,0
BRDA:191,11,1,0
BRDA:191,12,0,0
BRDA:191,12,1,0
BRDA:196,13,0,0
BRDA:196,13,1,0
BRDA:200,14,0,0
BRDA:200,14,1,0
BRF:29
BRH:0
end_of_record
TN:
SF:src\components\ui\DiceRollModal3D.tsx
FN:79,(anonymous_0)
FN:112,(anonymous_1)
FN:127,(anonymous_2)
FN:141,(anonymous_3)
FN:146,(anonymous_4)
FN:148,(anonymous_5)
FN:183,(anonymous_6)
FN:306,(anonymous_7)
FN:349,(anonymous_8)
FN:357,(anonymous_9)
FN:375,(anonymous_10)
FN:393,(anonymous_11)
FN:406,(anonymous_12)
FN:444,(anonymous_13)
FN:446,(anonymous_14)
FN:457,(anonymous_15)
FN:458,(anonymous_16)
FN:459,(anonymous_17)
FN:465,(anonymous_18)
FN:474,(anonymous_19)
FN:507,(anonymous_20)
FN:520,(anonymous_21)
FN:527,(anonymous_22)
FN:537,(anonymous_23)
FN:538,(anonymous_24)
FN:548,(anonymous_25)
FN:551,(anonymous_26)
FN:568,(anonymous_27)
FN:605,(anonymous_28)
FNF:29
FNH:0
FNDA:0,(anonymous_0)
FNDA:0,(anonymous_1)
FNDA:0,(anonymous_2)
FNDA:0,(anonymous_3)
FNDA:0,(anonymous_4)
FNDA:0,(anonymous_5)
FNDA:0,(anonymous_6)
FNDA:0,(anonymous_7)
FNDA:0,(anonymous_8)
FNDA:0,(anonymous_9)
FNDA:0,(anonymous_10)
FNDA:0,(anonymous_11)
FNDA:0,(anonymous_12)
FNDA:0,(anonymous_13)
FNDA:0,(anonymous_14)
FNDA:0,(anonymous_15)
FNDA:0,(anonymous_16)
FNDA:0,(anonymous_17)
FNDA:0,(anonymous_18)
FNDA:0,(anonymous_19)
FNDA:0,(anonymous_20)
FNDA:0,(anonymous_21)
FNDA:0,(anonymous_22)
FNDA:0,(anonymous_23)
FNDA:0,(anonymous_24)
FNDA:0,(anonymous_25)
FNDA:0,(anonymous_26)
FNDA:0,(anonymous_27)
FNDA:0,(anonymous_28)
DA:8,0
DA:19,0
DA:28,0
DA:42,0
DA:52,0
DA:79,0
DA:85,0
DA:86,0
DA:87,0
DA:88,0
DA:91,0
DA:92,0
DA:93,0
DA:94,0
DA:95,0
DA:98,0
DA:99,0
DA:102,0
DA:112,0
DA:113,0
DA:114,0
DA:115,0
DA:118,0
DA:119,0
DA:122,0
DA:123,0
DA:124,0
DA:127,0
DA:128,0
DA:129,0
DA:130,0
DA:131,0
DA:134,0
DA:135,0
DA:141,0
DA:142,0
DA:146,0
DA:147,0
DA:148,0
DA:160,0
DA:161,0
DA:162,0
DA:165,0
DA:166,0
DA:168,0
DA:169,0
DA:178,0
DA:179,0
DA:183,0
DA:184,0
DA:186,0
DA:187,0
DA:188,0
DA:191,0
DA:194,0
DA:195,0
DA:196,0
DA:198,0
DA:201,0
DA:202,0
DA:203,0
DA:206,0
DA:207,0
DA:208,0
DA:209,0
DA:211,0
DA:214,0
DA:215,0
DA:216,0
DA:217,0
DA:218,0
DA:219,0
DA:221,0
DA:224,0
DA:225,0
DA:226,0
DA:227,0
DA:228,0
DA:229,0
DA:232,0
DA:236,0
DA:237,0
DA:238,0
DA:241,0
DA:247,0
DA:248,0
DA:249,0
DA:250,0
DA:253,0
DA:257,0
DA:258,0
DA:259,0
DA:261,0
DA:262,0
DA:263,0
DA:266,0
DA:267,0
DA:268,0
DA:269,0
DA:270,0
DA:272,0
DA:273,0
DA:274,0
DA:277,0
DA:278,0
DA:279,0
DA:280,0
DA:281,0
DA:283,0
DA:285,0
DA:286,0
DA:288,0
DA:291,0
DA:298,0
DA:303,0
DA:306,0
DA:307,0
DA:308,0
DA:309,0
DA:310,0
DA:311,0
DA:312,0
DA:313,0
DA:317,0
DA:318,0
DA:321,0
DA:324,0
DA:325,0
DA:328,0
DA:329,0
DA:331,0
DA:334,0
DA:335,0
DA:336,0
DA:339,0
DA:340,0
DA:341,0
DA:342,0
DA:343,0
DA:344,0
DA:345,0
DA:349,0
DA:350,0
DA:352,0
DA:353,0
DA:357,0
DA:359,0
DA:360,0
DA:361,0
DA:364,0
DA:365,0
DA:369,0
DA:370,0
DA:371,0
DA:375,0
DA:376,0
DA:377,0
DA:380,0
DA:381,0
DA:382,0
DA:385,0
DA:386,0
DA:389,0
DA:393,0
DA:394,0
DA:396,0
DA:397,0
DA:398,0
DA:401,0
DA:402,0
DA:403,0
DA:404,0
DA:406,0
DA:407,0
DA:408,0
DA:409,0
DA:410,0
DA:411,0
DA:414,0
DA:415,0
DA:416,0
DA:417,0
DA:418,0
DA:421,0
DA:422,0
DA:423,0
DA:424,0
DA:427,0
DA:432,0
DA:435,0
DA:436,0
DA:444,0
DA:445,0
DA:446,0
DA:448,0
DA:449,0
DA:450,0
DA:457,0
DA:458,0
DA:459,0
DA:460,0
DA:461,0
DA:462,0
DA:465,0
DA:466,0
DA:472,0
DA:474,0
DA:475,0
DA:482,0
DA:483,0
DA:485,0
DA:486,0
DA:487,0
DA:488,0
DA:489,0
DA:493,0
DA:496,0
DA:498,0
DA:502,0
DA:507,0
DA:508,0
DA:510,0
DA:512,0
DA:513,0
DA:514,0
DA:516,0
DA:520,0
DA:521,0
DA:522,0
DA:524,0
DA:527,0
DA:529,0
DA:530,0
DA:533,0
DA:537,0
DA:538,0
DA:539,0
DA:540,0
DA:547,0
DA:548,0
DA:551,0
DA:552,0
DA:554,0
DA:555,0
DA:559,0
DA:565,0
DA:605,0
LF:247
LH:0
BRDA:83,0,0,0
BRDA:146,1,0,0
BRDA:186,2,0,0
BRDA:186,2,1,0
BRDA:306,3,0,0
BRDA:342,4,0,0
BRDA:342,4,1,0
BRDA:352,5,0,0
BRDA:352,5,1,0
BRDA:364,6,0,0
BRDA:364,6,1,0
BRDA:364,7,0,0
BRDA:364,7,1,0
BRDA:376,8,0,0
BRDA:376,8,1,0
BRDA:380,9,0,0
BRDA:380,9,1,0
BRDA:380,10,0,0
BRDA:380,10,1,0
BRDA:385,11,0,0
BRDA:385,11,1,0
BRDA:396,12,0,0
BRDA:396,12,1,0
BRDA:396,13,0,0
BRDA:396,13,1,0
BRDA:415,14,0,0
BRDA:415,14,1,0
BRDA:460,15,0,0
BRDA:460,15,1,0
BRDA:460,16,0,0
BRDA:460,16,1,0
BRDA:466,17,0,0
BRDA:466,17,1,0
BRDA:466,17,2,0
BRDA:472,18,0,0
BRDA:472,18,1,0
BRDA:487,19,0,0
BRDA:487,19,1,0
BRDA:510,20,0,0
BRDA:510,20,1,0
BRDA:539,21,0,0
BRDA:539,21,1,0
BRDA:539,22,0,0
BRDA:539,22,1,0
BRDA:552,23,0,0
BRDA:552,23,1,0
BRDA:552,24,0,0
BRDA:552,24,1,0
BRDA:554,25,0,0
BRDA:554,25,1,0
BRDA:555,26,0,0
BRDA:555,26,1,0
BRDA:559,27,0,0
BRDA:559,27,1,0
BRDA:583,28,0,0
BRDA:583,28,1,0
BRDA:588,29,0,0
BRDA:588,29,1,0
BRDA:630,30,0,0
BRDA:630,30,1,0
BRF:60
BRH:0
end_of_record
TN:
SF:src\components\ui\DiceView.tsx
FN:46,(anonymous_0)
FN:46,(anonymous_1)
FN:95,(anonymous_2)
FN:116,(anonymous_3)
FN:117,(anonymous_4)
FN:145,(anonymous_5)
FN:160,(anonymous_6)
FNF:7
FNH:0
FNDA:0,(anonymous_0)
FNDA:0,(anonymous_1)
FNDA:0,(anonymous_2)
FNDA:0,(anonymous_3)
FNDA:0,(anonymous_4)
FNDA:0,(anonymous_5)
FNDA:0,(anonymous_6)
DA:6,0
DA:15,0
DA:21,0
DA:27,0
DA:32,0
DA:46,0
DA:95,0
DA:116,0
DA:117,0
DA:119,0
DA:145,0
DA:161,0
LF:12
LH:0
BRDA:60,0,0,0
BRDA:60,0,1,0
BRDA:75,1,0,0
BRDA:75,1,1,0
BRDA:116,2,0,0
BRDA:117,3,0,0
BRDA:117,3,1,0
BRDA:117,4,0,0
BRDA:117,4,1,0
BRDA:121,5,0,0
BRDA:121,5,1,0
BRDA:142,6,0,0
BRDA:142,6,1,0
BRDA:143,7,0,0
BRDA:143,7,1,0
BRDA:145,8,0,0
BRDA:145,8,1,0
BRDA:145,9,0,0
BRDA:145,9,1,0
BRDA:145,9,2,0
BRDA:146,10,0,0
BRDA:146,10,1,0
BRDA:147,11,0,0
BRDA:147,11,1,0
BRDA:148,12,0,0
BRDA:148,12,1,0
BRDA:151,13,0,0
BRDA:151,13,1,0
BRDA:162,14,0,0
BRDA:162,14,1,0
BRF:30
BRH:0
end_of_record
TN:
SF:src\components\ui\GameAlert.tsx
FN:5,(anonymous_0)
FNF:1
FNH:0
FNDA:0,(anonymous_0)
DA:5,0
LF:1
LH:0
BRDA:20,0,0,0
BRDA:20,0,1,0
BRDA:21,1,0,0
BRDA:21,1,1,0
BRDA:23,2,0,0
BRDA:23,2,1,0
BRF:6
BRH:0
end_of_record
TN:
SF:src\components\ui\NotificationToast.tsx
FN:20,(anonymous_0)
FN:26,(anonymous_1)
FN:35,(anonymous_2)
FNF:3
FNH:0
FNDA:0,(anonymous_0)
FNDA:0,(anonymous_1)
FNDA:0,(anonymous_2)
DA:20,0
DA:26,0
DA:27,0
DA:28,0
DA:29,0
DA:30,0
DA:31,0
DA:35,0
DA:36,0
DA:37,0
DA:38,0
DA:39,0
DA:40,0
DA:44,0
DA:130,0
LF:15
LH:0
BRDA:27,0,0,0
BRDA:27,0,1,0
BRDA:27,0,2,0
BRDA:27,0,3,0
BRDA:36,1,0,0
BRDA:36,1,1,0
BRDA:36,1,2,0
BRDA:36,1,3,0
BRDA:56,2,0,0
BRDA:56,2,1,0
BRDA:67,3,0,0
BRDA:67,3,1,0
BRF:12
BRH:0
end_of_record
TN:
SF:src\components\ui\NumberInput.tsx
FN:15,(anonymous_0)
FN:24,(anonymous_1)
FN:30,(anonymous_2)
FNF:3
FNH:0
FNDA:0,(anonymous_0)
FNDA:0,(anonymous_1)
FNDA:0,(anonymous_2)
DA:15,0
DA:24,0
DA:25,0
DA:26,0
DA:27,0
DA:30,0
DA:31,0
DA:32,0
DA:36,0
DA:63,0
DA:68,0
LF:11
LH:0
BRDA:25,0,0,0
BRDA:25,0,1,0
BRDA:31,1,0,0
BRDA:31,1,1,0
BRDA:52,2,0,0
BRDA:52,2,1,0
BRF:6
BRH:0
end_of_record
TN:
SF:src\constants\character.ts
FNF:0
FNH:0
DA:1,2
DA:7,2
DA:14,2
DA:22,2
DA:30,2
LF:5
LH:5
BRF:0
BRH:0
end_of_record
TN:
SF:src\contexts\AudioContext.tsx
FN:9,(anonymous_0)
FN:19,(anonymous_1)
FN:25,(anonymous_2)
FN:29,(anonymous_3)
FN:36,(anonymous_4)
FN:46,(anonymous_5)
FN:53,(anonymous_6)
FN:57,(anonymous_7)
FN:71,(anonymous_8)
FN:77,(anonymous_9)
FN:81,(anonymous_10)
FN:86,(anonymous_11)
FN:104,(anonymous_12)
FN:115,(anonymous_13)
FN:140,(anonymous_14)
FN:152,(anonymous_15)
FN:164,(anonymous_16)
FN:169,(anonymous_17)
FN:175,(anonymous_18)
FN:204,(anonymous_19)
FNF:20
FNH:0
FNDA:0,(anonymous_0)
FNDA:0,(anonymous_1)
FNDA:0,(anonymous_2)
FNDA:0,(anonymous_3)
FNDA:0,(anonymous_4)
FNDA:0,(anonymous_5)
FNDA:0,(anonymous_6)
FNDA:0,(anonymous_7)
FNDA:0,(anonymous_8)
FNDA:0,(anonymous_9)
FNDA:0,(anonymous_10)
FNDA:0,(anonymous_11)
FNDA:0,(anonymous_12)
FNDA:0,(anonymous_13)
FNDA:0,(anonymous_14)
FNDA:0,(anonymous_15)
FNDA:0,(anonymous_16)
FNDA:0,(anonymous_17)
FNDA:0,(anonymous_18)
FNDA:0,(anonymous_19)
DA:9,0
DA:10,0
DA:11,0
DA:12,0
DA:13,0
DA:14,0
DA:16,0
DA:19,0
DA:20,0
DA:21,0
DA:22,0
DA:25,0
DA:26,0
DA:29,0
DA:30,0
DA:33,0
DA:34,0
DA:36,0
DA:37,0
DA:38,0
DA:39,0
DA:46,0
DA:47,0
DA:48,0
DA:53,0
DA:54,0
DA:55,0
DA:57,0
DA:59,0
DA:62,0
DA:63,0
DA:67,0
DA:71,0
DA:73,0
DA:74,0
DA:77,0
DA:78,0
DA:81,0
DA:82,0
DA:83,0
DA:86,0
DA:87,0
DA:91,0
DA:92,0
DA:93,0
DA:94,0
DA:95,0
DA:98,0
DA:99,0
DA:100,0
DA:101,0
DA:102,0
DA:104,0
DA:105,0
DA:106,0
DA:107,0
DA:108,0
DA:109,0
DA:115,0
DA:116,0
DA:118,0
DA:119,0
DA:120,0
DA:123,0
DA:125,0
DA:126,0
DA:130,0
DA:134,0
DA:135,0
DA:140,0
DA:142,0
DA:144,0
DA:152,0
DA:154,0
DA:156,0
DA:159,0
DA:164,0
DA:165,0
DA:169,0
DA:170,0
DA:171,0
DA:175,0
DA:176,0
DA:177,0
DA:178,0
DA:182,0
DA:184,0
DA:190,0
DA:191,0
DA:195,0
DA:196,0
DA:197,0
DA:198,0
DA:204,0
DA:205,0
DA:206,0
DA:207,0
DA:211,0
DA:216,0
DA:231,0
LF:100
LH:0
BRDA:20,0,0,0
BRDA:20,0,1,0
BRDA:37,1,0,0
BRDA:37,1,1,0
BRDA:47,2,0,0
BRDA:47,2,1,0
BRDA:48,3,0,0
BRDA:48,3,1,0
BRDA:54,4,0,0
BRDA:54,4,1,0
BRDA:54,5,0,0
BRDA:54,5,1,0
BRDA:116,6,0,0
BRDA:116,6,1,0
BRDA:116,7,0,0
BRDA:116,7,1,0
BRDA:125,8,0,0
BRDA:125,8,1,0
BRDA:142,9,0,0
BRDA:142,9,1,0
BRDA:142,10,0,0
BRDA:142,10,1,0
BRDA:154,11,0,0
BRDA:154,11,1,0
BRDA:176,12,0,0
BRDA:176,12,1,0
BRDA:182,13,0,0
BRDA:182,13,1,0
BRDA:190,14,0,0
BRDA:190,14,1,0
BRDA:205,15,0,0
BRDA:205,15,1,0
BRDA:205,16,0,0
BRDA:205,16,1,0
BRF:34
BRH:0
end_of_record
TN:
SF:src\contexts\AudioContextDef.ts
FNF:0
FNH:0
DA:21,0
LF:1
LH:0
BRF:0
BRH:0
end_of_record
TN:
SF:src\hooks\useAudio.ts
FN:5,(anonymous_0)
FNF:1
FNH:0
FNDA:0,(anonymous_0)
DA:5,0
DA:6,0
DA:7,0
DA:8,0
DA:10,0
LF:5
LH:0
BRDA:7,0,0,0
BRDA:7,0,1,0
BRF:2
BRH:0
end_of_record
TN:
SF:src\hooks\useCharacterValidation.ts
FN:5,(anonymous_0)
FN:6,(anonymous_1)
FN:13,(anonymous_2)
FN:22,(anonymous_3)
FNF:4
FNH:4
FNDA:10,(anonymous_0)
FNDA:3,(anonymous_1)
FNDA:7,(anonymous_2)
FNDA:2,(anonymous_3)
DA:1,1
DA:3,1
DA:5,1
DA:6,10
DA:7,3
DA:8,2
DA:10,1
DA:13,10
DA:14,7
DA:15,1
DA:18,6
DA:19,3
DA:22,3
DA:23,3
DA:24,2
DA:27,1
DA:30,10
LF:17
LH:17
BRDA:7,0,0,2
BRDA:7,0,1,1
BRDA:14,1,0,1
BRDA:14,1,1,6
BRDA:18,2,0,3
BRDA:18,2,1,3
BRDA:18,3,0,6
BRDA:18,3,1,5
BRDA:18,3,2,4
BRDA:23,4,0,2
BRDA:23,4,1,1
BRF:11
BRH:11
end_of_record
TN:
SF:src\hooks\useCombat.ts
FN:4,(anonymous_0)
FN:6,(anonymous_1)
FN:40,(anonymous_2)
FN:44,(anonymous_3)
FN:70,(anonymous_4)
FN:88,(anonymous_5)
FN:102,(anonymous_6)
FNF:7
FNH:3
FNDA:4,(anonymous_0)
FNDA:5,(anonymous_1)
FNDA:1,(anonymous_2)
FNDA:0,(anonymous_3)
FNDA:0,(anonymous_4)
FNDA:0,(anonymous_5)
FNDA:0,(anonymous_6)
DA:1,1
DA:4,1
DA:6,4
DA:7,5
DA:9,5
DA:10,5
DA:12,5
DA:15,5
DA:16,0
DA:18,0
DA:19,0
DA:23,0
DA:24,0
DA:30,5
DA:31,5
DA:32,0
DA:33,0
DA:36,5
DA:40,4
DA:41,1
DA:44,1
DA:46,1
DA:47,0
DA:50,0
DA:51,0
DA:53,0
DA:54,0
DA:58,0
DA:59,0
DA:65,0
DA:66,0
DA:69,0
DA:70,0
DA:74,0
DA:78,1
DA:79,1
DA:80,0
DA:81,0
DA:84,1
DA:88,4
DA:89,0
DA:94,0
DA:102,4
DA:103,0
DA:105,0
DA:113,4
LF:46
LH:21
BRDA:7,0,0,0
BRDA:7,0,1,5
BRDA:15,1,0,0
BRDA:15,1,1,5
BRDA:15,2,0,5
BRDA:15,2,1,0
BRDA:16,3,0,0
BRDA:16,3,1,0
BRDA:18,4,0,0
BRDA:18,4,1,0
BRDA:23,5,0,0
BRDA:23,5,1,0
BRDA:30,6,0,5
BRDA:30,6,1,0
BRDA:32,7,0,0
BRDA:32,7,1,0
BRDA:46,8,0,0
BRDA:46,8,1,1
BRDA:46,9,0,1
BRDA:46,9,1,0
BRDA:50,10,0,0
BRDA:50,10,1,0
BRDA:50,11,0,0
BRDA:50,11,1,0
BRDA:51,12,0,0
BRDA:51,12,1,0
BRDA:53,13,0,0
BRDA:53,13,1,0
BRDA:58,14,0,0
BRDA:58,14,1,0
BRDA:65,15,0,0
BRDA:65,15,1,0
BRDA:69,16,0,0
BRDA:69,16,1,0
BRDA:78,17,0,1
BRDA:78,17,1,0
BRDA:80,18,0,0
BRDA:80,18,1,0
BRDA:97,19,0,0
BRDA:97,19,1,0
BRDA:108,20,0,0
BRDA:108,20,1,0
BRF:42
BRH:7
end_of_record
TN:
SF:src\hooks\useDiceRoller.ts
FN:4,(anonymous_0)
FN:5,(anonymous_1)
FN:7,(anonymous_2)
FN:9,(anonymous_3)
FN:10,(anonymous_4)
FN:14,(anonymous_5)
FN:27,(anonymous_6)
FN:37,(anonymous_7)
FNF:8
FNH:8
FNDA:12,(anonymous_0)
FNDA:14,(anonymous_1)
FNDA:2,(anonymous_2)
FNDA:4,(anonymous_3)
FNDA:4,(anonymous_4)
FNDA:4,(anonymous_5)
FNDA:4,(anonymous_6)
FNDA:6,(anonymous_7)
DA:1,1
DA:2,1
DA:4,1
DA:5,14
DA:7,12
DA:8,2
DA:9,4
DA:10,4
DA:11,2
DA:14,12
DA:15,4
DA:16,4
DA:18,4
DA:19,2
DA:20,2
DA:21,2
DA:24,4
DA:27,12
DA:28,4
DA:29,4
DA:31,4
DA:32,2
DA:33,2
DA:34,2
DA:37,6
DA:39,4
DA:47,12
LF:27
LH:27
BRDA:18,0,0,2
BRDA:18,0,1,2
BRDA:20,1,0,2
BRDA:20,1,1,0
BRDA:31,2,0,2
BRDA:31,2,1,2
BRDA:33,3,0,2
BRDA:33,3,1,0
BRF:8
BRH:6
end_of_record
TN:
SF:src\hooks\useFileOperations.ts
FN:14,(anonymous_0)
FN:17,(anonymous_1)
FN:52,(anonymous_2)
FN:53,(anonymous_3)
FN:58,(anonymous_4)
FN:92,(anonymous_5)
FN:105,(anonymous_6)
FN:139,(anonymous_7)
FNF:8
FNH:0
FNDA:0,(anonymous_0)
FNDA:0,(anonymous_1)
FNDA:0,(anonymous_2)
FNDA:0,(anonymous_3)
FNDA:0,(anonymous_4)
FNDA:0,(anonymous_5)
FNDA:0,(anonymous_6)
FNDA:0,(anonymous_7)
DA:14,0
DA:15,0
DA:17,0
DA:18,0
DA:19,0
DA:22,0
DA:25,0
DA:26,0
DA:27,0
DA:28,0
DA:29,0
DA:30,0
DA:31,0
DA:32,0
DA:33,0
DA:35,0
DA:41,0
DA:42,0
DA:48,0
DA:52,0
DA:53,0
DA:54,0
DA:56,0
DA:58,0
DA:59,0
DA:60,0
DA:61,0
DA:64,0
DA:66,0
DA:73,0
DA:74,0
DA:76,0
DA:77,0
DA:78,0
DA:79,0
DA:82,0
DA:88,0
DA:92,0
DA:93,0
DA:94,0
DA:101,0
DA:105,0
DA:106,0
DA:107,0
DA:109,0
DA:110,0
DA:111,0
DA:118,0
DA:119,0
DA:121,0
DA:128,0
DA:129,0
DA:135,0
DA:139,0
DA:140,0
DA:141,0
DA:142,0
DA:148,0
DA:149,0
DA:157,0
LF:60
LH:0
BRDA:60,0,0,0
BRDA:60,0,1,0
BRDA:76,1,0,0
BRDA:76,1,1,0
BRDA:78,2,0,0
BRDA:78,2,1,0
BRDA:78,3,0,0
BRDA:78,3,1,0
BRDA:78,3,2,0
BRDA:110,4,0,0
BRDA:110,4,1,0
BRF:11
BRH:0
end_of_record
TN:
SF:src\hooks\useItemEffects.ts
FN:4,(anonymous_0)
FN:6,(anonymous_1)
FN:14,(anonymous_2)
FN:28,(anonymous_3)
FN:50,(anonymous_4)
FN:66,(anonymous_5)
FN:79,(anonymous_6)
FN:81,(anonymous_7)
FN:88,(anonymous_8)
FN:96,(anonymous_9)
FN:102,(anonymous_10)
FNF:11
FNH:11
FNDA:20,(anonymous_0)
FNDA:9,(anonymous_1)
FNDA:13,(anonymous_2)
FNDA:5,(anonymous_3)
FNDA:2,(anonymous_4)
FNDA:2,(anonymous_5)
FNDA:3,(anonymous_6)
FNDA:2,(anonymous_7)
FNDA:1,(anonymous_8)
FNDA:3,(anonymous_9)
FNDA:2,(anonymous_10)
DA:1,2
DA:4,2
DA:6,20
DA:7,9
DA:14,9
DA:15,13
DA:16,11
DA:17,11
DA:18,11
DA:19,11
DA:20,11
DA:24,9
DA:28,20
DA:29,5
DA:31,5
DA:50,20
DA:51,2
DA:53,1
DA:54,1
DA:56,1
DA:57,1
DA:58,0
DA:59,0
DA:62,0
DA:66,20
DA:67,2
DA:69,2
DA:70,1
DA:71,1
DA:72,1
DA:75,2
DA:79,20
DA:80,3
DA:81,3
DA:83,3
DA:84,2
DA:87,2
DA:88,1
DA:92,3
DA:96,20
DA:97,3
DA:98,2
DA:102,20
DA:103,2
DA:104,1
DA:109,1
DA:112,20
LF:47
LH:44
BRDA:15,0,0,11
BRDA:15,0,1,2
BRDA:17,1,0,7
BRDA:17,1,1,4
BRDA:18,2,0,5
BRDA:18,2,1,6
BRDA:19,3,0,3
BRDA:19,3,1,8
BRDA:20,4,0,0
BRDA:20,4,1,11
BRDA:51,5,0,1
BRDA:51,5,1,1
BRDA:56,6,0,1
BRDA:56,6,1,0
BRDA:58,7,0,0
BRDA:58,7,1,0
BRDA:69,8,0,1
BRDA:69,8,1,1
BRDA:71,9,0,1
BRDA:71,9,1,0
BRDA:79,10,0,0
BRDA:83,11,0,2
BRDA:83,11,1,1
BRDA:83,12,0,3
BRDA:83,12,1,2
BRDA:87,13,0,1
BRDA:87,13,1,1
BRDA:97,14,0,1
BRDA:97,14,1,2
BRDA:98,15,0,2
BRDA:98,15,1,1
BRDA:103,16,0,1
BRDA:103,16,1,1
BRDA:103,17,0,2
BRDA:103,17,1,1
BRF:35
BRH:29
end_of_record
TN:
SF:src\hooks\useNotification.ts
FN:12,(anonymous_0)
FN:19,(anonymous_1)
FN:27,(anonymous_2)
FN:28,(anonymous_3)
FN:32,(anonymous_4)
FN:34,(anonymous_5)
FN:38,(anonymous_6)
FNF:7
FNH:0
FNDA:0,(anonymous_0)
FNDA:0,(anonymous_1)
FNDA:0,(anonymous_2)
FNDA:0,(anonymous_3)
FNDA:0,(anonymous_4)
FNDA:0,(anonymous_5)
FNDA:0,(anonymous_6)
DA:12,0
DA:13,0
DA:19,0
DA:20,0
DA:27,0
DA:28,0
DA:32,0
DA:33,0
DA:34,0
DA:35,0
DA:38,0
DA:42,0
LF:12
LH:0
BRDA:19,0,0,0
BRDA:33,1,0,0
BRDA:33,1,1,0
BRF:3
BRH:0
end_of_record
TN:
SF:src\types\index.ts
FN:107,(anonymous_0)
FN:138,(anonymous_1)
FNF:2
FNH:0
FNDA:0,(anonymous_0)
FNDA:0,(anonymous_1)
DA:56,0
DA:107,0
DA:138,0
LF:3
LH:0
BRF:0
BRH:0
end_of_record
TN:
SF:src\utils\inventory.ts
FN:6,(anonymous_0)
FN:14,(anonymous_1)
FN:16,(anonymous_2)
FN:27,(anonymous_3)
FN:43,(anonymous_4)
FN:46,(anonymous_5)
FN:53,(anonymous_6)
FN:60,(anonymous_7)
FN:71,(anonymous_8)
FN:72,(anonymous_9)
FN:78,(anonymous_10)
FN:79,(anonymous_11)
FN:85,(anonymous_12)
FN:87,(anonymous_13)
FN:88,(anonymous_14)
FN:94,(anonymous_15)
FN:96,(anonymous_16)
FN:97,(anonymous_17)
FN:104,(anonymous_18)
FN:105,(anonymous_19)
FN:112,(anonymous_20)
FN:119,(anonymous_21)
FN:132,(anonymous_22)
FN:139,(anonymous_23)
FN:141,(anonymous_24)
FN:147,(anonymous_25)
FNF:26
FNH:15
FNDA:26,(anonymous_0)
FNDA:2,(anonymous_1)
FNDA:1,(anonymous_2)
FNDA:4,(anonymous_3)
FNDA:2,(anonymous_4)
FNDA:1,(anonymous_5)
FNDA:0,(anonymous_6)
FNDA:0,(anonymous_7)
FNDA:0,(anonymous_8)
FNDA:0,(anonymous_9)
FNDA:0,(anonymous_10)
FNDA:0,(anonymous_11)
FNDA:6,(anonymous_12)
FNDA:6,(anonymous_13)
FNDA:5,(anonymous_14)
FNDA:0,(anonymous_15)
FNDA:0,(anonymous_16)
FNDA:0,(anonymous_17)
FNDA:5,(anonymous_18)
FNDA:5,(anonymous_19)
FNDA:2,(anonymous_20)
FNDA:4,(anonymous_21)
FNDA:2,(anonymous_22)
FNDA:1,(anonymous_23)
FNDA:0,(anonymous_24)
FNDA:0,(anonymous_25)
DA:6,2
DA:7,26
DA:13,26
DA:14,7
DA:15,7
DA:16,1
DA:17,1
DA:21,1
DA:26,25
DA:27,13
DA:28,13
DA:34,12
DA:43,2
DA:44,2
DA:46,1
DA:53,2
DA:54,0
DA:55,0
DA:58,0
DA:61,0
DA:71,2
DA:72,0
DA:78,2
DA:79,0
DA:85,2
DA:86,6
DA:87,6
DA:88,5
DA:94,2
DA:95,0
DA:96,0
DA:97,0
DA:104,2
DA:105,5
DA:107,5
DA:108,3
DA:112,2
DA:113,2
DA:114,2
DA:115,2
DA:119,4
DA:120,2
DA:122,2
DA:132,2
DA:133,2
DA:136,2
DA:139,2
DA:140,2
DA:141,0
DA:142,0
DA:143,0
DA:144,0
DA:147,0
DA:148,0
DA:149,0
DA:152,2
DA:158,2
LF:57
LH:41
BRDA:13,0,0,7
BRDA:13,0,1,19
BRDA:13,1,0,26
BRDA:13,1,1,22
BRDA:15,2,0,1
BRDA:15,2,1,6
BRDA:17,3,0,1
BRDA:17,3,1,0
BRDA:18,4,0,1
BRDA:18,4,1,0
BRDA:18,5,0,1
BRDA:18,5,1,0
BRDA:26,6,0,13
BRDA:26,6,1,12
BRDA:26,7,0,25
BRDA:26,7,1,13
BRDA:54,8,0,0
BRDA:54,8,1,0
BRDA:61,9,0,0
BRDA:61,9,1,0
BRDA:88,10,0,5
BRDA:88,10,1,0
BRDA:97,11,0,0
BRDA:97,11,1,0
BRDA:107,12,0,3
BRDA:107,12,1,2
BRDA:113,13,0,2
BRDA:113,13,1,0
BRDA:114,14,0,2
BRDA:114,14,1,0
BRDA:115,15,0,2
BRDA:115,15,1,0
BRDA:140,16,0,0
BRDA:140,16,1,2
BRDA:142,17,0,0
BRDA:142,17,1,0
BRDA:143,18,0,0
BRDA:143,18,1,0
BRDA:144,19,0,0
BRDA:144,19,1,0
BRF:40
BRH:20
end_of_record
